{"/Users/youngun/Desktop/TIL/TDD/boj/solution.js": {"path":"/Users/youngun/Desktop/TIL/TDD/boj/solution.js","all":false,"statementMap":{"0":{"start":{"line":1,"column":0},"end":{"line":1,"column":2}},"1":{"start":{"line":2,"column":0},"end":{"line":2,"column":25}},"2":{"start":{"line":3,"column":0},"end":{"line":3,"column":0}},"3":{"start":{"line":4,"column":0},"end":{"line":4,"column":29}},"4":{"start":{"line":5,"column":0},"end":{"line":5,"column":18}},"5":{"start":{"line":6,"column":0},"end":{"line":6,"column":37}},"6":{"start":{"line":7,"column":0},"end":{"line":7,"column":18}},"7":{"start":{"line":8,"column":0},"end":{"line":8,"column":4}},"8":{"start":{"line":9,"column":0},"end":{"line":9,"column":51}},"9":{"start":{"line":10,"column":0},"end":{"line":10,"column":20}},"10":{"start":{"line":11,"column":0},"end":{"line":11,"column":16}},"11":{"start":{"line":12,"column":0},"end":{"line":12,"column":31}},"12":{"start":{"line":13,"column":0},"end":{"line":13,"column":25}},"13":{"start":{"line":14,"column":0},"end":{"line":14,"column":11}},"14":{"start":{"line":15,"column":0},"end":{"line":15,"column":7}},"15":{"start":{"line":16,"column":0},"end":{"line":16,"column":5}},"16":{"start":{"line":17,"column":0},"end":{"line":17,"column":3}},"17":{"start":{"line":18,"column":0},"end":{"line":18,"column":27}},"18":{"start":{"line":19,"column":0},"end":{"line":19,"column":23}},"19":{"start":{"line":20,"column":0},"end":{"line":20,"column":0}},"20":{"start":{"line":21,"column":0},"end":{"line":21,"column":14}},"21":{"start":{"line":22,"column":0},"end":{"line":22,"column":14}},"22":{"start":{"line":23,"column":0},"end":{"line":23,"column":16}},"23":{"start":{"line":24,"column":0},"end":{"line":24,"column":56}},"24":{"start":{"line":25,"column":0},"end":{"line":25,"column":49}},"25":{"start":{"line":26,"column":0},"end":{"line":26,"column":25}},"26":{"start":{"line":27,"column":0},"end":{"line":27,"column":11}},"27":{"start":{"line":28,"column":0},"end":{"line":28,"column":5}},"28":{"start":{"line":29,"column":0},"end":{"line":29,"column":25}},"29":{"start":{"line":30,"column":0},"end":{"line":30,"column":14}},"30":{"start":{"line":31,"column":0},"end":{"line":31,"column":5}},"31":{"start":{"line":32,"column":0},"end":{"line":32,"column":24}},"32":{"start":{"line":33,"column":0},"end":{"line":33,"column":3}},"33":{"start":{"line":34,"column":0},"end":{"line":34,"column":0}},"34":{"start":{"line":35,"column":0},"end":{"line":35,"column":15}},"35":{"start":{"line":36,"column":0},"end":{"line":36,"column":1}},"36":{"start":{"line":37,"column":0},"end":{"line":37,"column":0}},"37":{"start":{"line":38,"column":0},"end":{"line":38,"column":28}},"38":{"start":{"line":39,"column":0},"end":{"line":39,"column":0}},"39":{"start":{"line":40,"column":0},"end":{"line":40,"column":25}},"40":{"start":{"line":41,"column":0},"end":{"line":41,"column":0}},"41":{"start":{"line":42,"column":0},"end":{"line":42,"column":21}},"42":{"start":{"line":43,"column":0},"end":{"line":43,"column":83}},"43":{"start":{"line":44,"column":0},"end":{"line":44,"column":17}},"44":{"start":{"line":45,"column":0},"end":{"line":45,"column":6}},"45":{"start":{"line":46,"column":0},"end":{"line":46,"column":20}},"46":{"start":{"line":47,"column":0},"end":{"line":47,"column":3}},"47":{"start":{"line":48,"column":0},"end":{"line":48,"column":25}},"48":{"start":{"line":49,"column":0},"end":{"line":49,"column":84}},"49":{"start":{"line":50,"column":0},"end":{"line":50,"column":24}},"50":{"start":{"line":51,"column":0},"end":{"line":51,"column":16}},"51":{"start":{"line":52,"column":0},"end":{"line":52,"column":34}},"52":{"start":{"line":53,"column":0},"end":{"line":53,"column":13}},"53":{"start":{"line":54,"column":0},"end":{"line":54,"column":23}},"54":{"start":{"line":55,"column":0},"end":{"line":55,"column":60}},"55":{"start":{"line":56,"column":0},"end":{"line":56,"column":23}},"56":{"start":{"line":57,"column":0},"end":{"line":57,"column":19}},"57":{"start":{"line":58,"column":0},"end":{"line":58,"column":0}},"58":{"start":{"line":59,"column":0},"end":{"line":59,"column":22}},"59":{"start":{"line":60,"column":0},"end":{"line":60,"column":14}},"60":{"start":{"line":61,"column":0},"end":{"line":61,"column":7}},"61":{"start":{"line":62,"column":0},"end":{"line":62,"column":52}},"62":{"start":{"line":63,"column":0},"end":{"line":63,"column":5}},"63":{"start":{"line":64,"column":0},"end":{"line":64,"column":0}},"64":{"start":{"line":65,"column":0},"end":{"line":65,"column":0}},"65":{"start":{"line":66,"column":0},"end":{"line":66,"column":18}},"66":{"start":{"line":67,"column":0},"end":{"line":67,"column":12}},"67":{"start":{"line":68,"column":0},"end":{"line":68,"column":12}},"68":{"start":{"line":69,"column":0},"end":{"line":69,"column":14}},"69":{"start":{"line":70,"column":0},"end":{"line":70,"column":5}},"70":{"start":{"line":71,"column":0},"end":{"line":71,"column":3}},"71":{"start":{"line":72,"column":0},"end":{"line":72,"column":2}},"72":{"start":{"line":73,"column":0},"end":{"line":73,"column":16}},"73":{"start":{"line":74,"column":0},"end":{"line":74,"column":1}},"74":{"start":{"line":75,"column":0},"end":{"line":75,"column":0}},"75":{"start":{"line":76,"column":0},"end":{"line":76,"column":0}},"76":{"start":{"line":77,"column":0},"end":{"line":77,"column":29}},"77":{"start":{"line":78,"column":0},"end":{"line":78,"column":21}},"78":{"start":{"line":79,"column":0},"end":{"line":79,"column":83}},"79":{"start":{"line":80,"column":0},"end":{"line":80,"column":17}},"80":{"start":{"line":81,"column":0},"end":{"line":81,"column":6}},"81":{"start":{"line":82,"column":0},"end":{"line":82,"column":27}},"82":{"start":{"line":83,"column":0},"end":{"line":83,"column":6}},"83":{"start":{"line":84,"column":0},"end":{"line":84,"column":4}},"84":{"start":{"line":85,"column":0},"end":{"line":85,"column":25}},"85":{"start":{"line":86,"column":0},"end":{"line":86,"column":90}},"86":{"start":{"line":87,"column":0},"end":{"line":87,"column":30}},"87":{"start":{"line":88,"column":0},"end":{"line":88,"column":0}},"88":{"start":{"line":89,"column":0},"end":{"line":89,"column":16}},"89":{"start":{"line":90,"column":0},"end":{"line":90,"column":31}},"90":{"start":{"line":91,"column":0},"end":{"line":91,"column":16}},"91":{"start":{"line":92,"column":0},"end":{"line":92,"column":23}},"92":{"start":{"line":93,"column":0},"end":{"line":93,"column":44}},"93":{"start":{"line":94,"column":0},"end":{"line":94,"column":25}},"94":{"start":{"line":95,"column":0},"end":{"line":95,"column":14}},"95":{"start":{"line":96,"column":0},"end":{"line":96,"column":14}},"96":{"start":{"line":97,"column":0},"end":{"line":97,"column":30}},"97":{"start":{"line":98,"column":0},"end":{"line":98,"column":12}},"98":{"start":{"line":99,"column":0},"end":{"line":99,"column":12}},"99":{"start":{"line":100,"column":0},"end":{"line":100,"column":14}},"100":{"start":{"line":101,"column":0},"end":{"line":101,"column":5}},"101":{"start":{"line":102,"column":0},"end":{"line":102,"column":3}},"102":{"start":{"line":103,"column":0},"end":{"line":103,"column":15}},"103":{"start":{"line":104,"column":0},"end":{"line":104,"column":1}},"104":{"start":{"line":105,"column":0},"end":{"line":105,"column":0}},"105":{"start":{"line":106,"column":0},"end":{"line":106,"column":14}},"106":{"start":{"line":107,"column":0},"end":{"line":107,"column":21}},"107":{"start":{"line":108,"column":0},"end":{"line":108,"column":14}},"108":{"start":{"line":109,"column":0},"end":{"line":109,"column":39}},"109":{"start":{"line":110,"column":0},"end":{"line":110,"column":12}},"110":{"start":{"line":111,"column":0},"end":{"line":111,"column":12}},"111":{"start":{"line":112,"column":0},"end":{"line":112,"column":0}},"112":{"start":{"line":113,"column":0},"end":{"line":113,"column":32}},"113":{"start":{"line":114,"column":0},"end":{"line":114,"column":36}},"114":{"start":{"line":115,"column":0},"end":{"line":115,"column":3}},"115":{"start":{"line":116,"column":0},"end":{"line":116,"column":0}},"116":{"start":{"line":117,"column":0},"end":{"line":117,"column":21}},"117":{"start":{"line":118,"column":0},"end":{"line":118,"column":1}},"118":{"start":{"line":119,"column":0},"end":{"line":119,"column":11}},"119":{"start":{"line":120,"column":0},"end":{"line":120,"column":14}},"120":{"start":{"line":121,"column":0},"end":{"line":121,"column":21}},"121":{"start":{"line":122,"column":0},"end":{"line":122,"column":83}},"122":{"start":{"line":123,"column":0},"end":{"line":123,"column":17}},"123":{"start":{"line":124,"column":0},"end":{"line":124,"column":6}},"124":{"start":{"line":125,"column":0},"end":{"line":125,"column":8}},"125":{"start":{"line":126,"column":0},"end":{"line":126,"column":8}},"126":{"start":{"line":127,"column":0},"end":{"line":127,"column":9}},"127":{"start":{"line":128,"column":0},"end":{"line":128,"column":4}},"128":{"start":{"line":129,"column":0},"end":{"line":129,"column":25}},"129":{"start":{"line":130,"column":0},"end":{"line":130,"column":66}},"130":{"start":{"line":131,"column":0},"end":{"line":131,"column":33}},"131":{"start":{"line":132,"column":0},"end":{"line":132,"column":34}},"132":{"start":{"line":133,"column":0},"end":{"line":133,"column":33}},"133":{"start":{"line":134,"column":0},"end":{"line":134,"column":23}},"134":{"start":{"line":135,"column":0},"end":{"line":135,"column":16}},"135":{"start":{"line":136,"column":0},"end":{"line":136,"column":52}},"136":{"start":{"line":137,"column":0},"end":{"line":137,"column":9}},"137":{"start":{"line":138,"column":0},"end":{"line":138,"column":5}},"138":{"start":{"line":139,"column":0},"end":{"line":139,"column":3}},"139":{"start":{"line":140,"column":0},"end":{"line":140,"column":18}},"140":{"start":{"line":141,"column":0},"end":{"line":141,"column":32}},"141":{"start":{"line":142,"column":0},"end":{"line":142,"column":69}},"142":{"start":{"line":143,"column":0},"end":{"line":143,"column":4}},"143":{"start":{"line":144,"column":0},"end":{"line":144,"column":26}},"144":{"start":{"line":145,"column":0},"end":{"line":145,"column":3}},"145":{"start":{"line":146,"column":0},"end":{"line":146,"column":0}},"146":{"start":{"line":147,"column":0},"end":{"line":147,"column":26}},"147":{"start":{"line":148,"column":0},"end":{"line":148,"column":1}},"148":{"start":{"line":149,"column":0},"end":{"line":149,"column":0}},"149":{"start":{"line":150,"column":0},"end":{"line":150,"column":11}},"150":{"start":{"line":151,"column":0},"end":{"line":151,"column":21}},"151":{"start":{"line":152,"column":0},"end":{"line":152,"column":81}},"152":{"start":{"line":153,"column":0},"end":{"line":153,"column":67}},"153":{"start":{"line":154,"column":0},"end":{"line":154,"column":22}},"154":{"start":{"line":155,"column":0},"end":{"line":155,"column":25}},"155":{"start":{"line":156,"column":0},"end":{"line":156,"column":25}},"156":{"start":{"line":157,"column":0},"end":{"line":157,"column":0}},"157":{"start":{"line":158,"column":0},"end":{"line":158,"column":32}},"158":{"start":{"line":159,"column":0},"end":{"line":159,"column":75}},"159":{"start":{"line":160,"column":0},"end":{"line":160,"column":38}},"160":{"start":{"line":161,"column":0},"end":{"line":161,"column":38}},"161":{"start":{"line":162,"column":0},"end":{"line":162,"column":17}},"162":{"start":{"line":163,"column":0},"end":{"line":163,"column":50}},"163":{"start":{"line":164,"column":0},"end":{"line":164,"column":12}},"164":{"start":{"line":165,"column":0},"end":{"line":165,"column":34}},"165":{"start":{"line":166,"column":0},"end":{"line":166,"column":36}},"166":{"start":{"line":167,"column":0},"end":{"line":167,"column":102}},"167":{"start":{"line":168,"column":0},"end":{"line":168,"column":5}},"168":{"start":{"line":169,"column":0},"end":{"line":169,"column":0}},"169":{"start":{"line":170,"column":0},"end":{"line":170,"column":3}},"170":{"start":{"line":171,"column":0},"end":{"line":171,"column":19}},"171":{"start":{"line":172,"column":0},"end":{"line":172,"column":14}},"172":{"start":{"line":173,"column":0},"end":{"line":173,"column":1}},"173":{"start":{"line":174,"column":0},"end":{"line":174,"column":0}},"174":{"start":{"line":175,"column":0},"end":{"line":175,"column":11}},"175":{"start":{"line":176,"column":0},"end":{"line":176,"column":0}},"176":{"start":{"line":177,"column":0},"end":{"line":177,"column":0}},"177":{"start":{"line":178,"column":0},"end":{"line":178,"column":16}},"178":{"start":{"line":179,"column":0},"end":{"line":179,"column":22}},"179":{"start":{"line":180,"column":0},"end":{"line":180,"column":113}},"180":{"start":{"line":181,"column":0},"end":{"line":181,"column":17}},"181":{"start":{"line":182,"column":0},"end":{"line":182,"column":6}},"182":{"start":{"line":183,"column":0},"end":{"line":183,"column":6}},"183":{"start":{"line":184,"column":0},"end":{"line":184,"column":13}},"184":{"start":{"line":185,"column":0},"end":{"line":185,"column":6}},"185":{"start":{"line":186,"column":0},"end":{"line":186,"column":6}},"186":{"start":{"line":187,"column":0},"end":{"line":187,"column":6}},"187":{"start":{"line":188,"column":0},"end":{"line":188,"column":6}},"188":{"start":{"line":189,"column":0},"end":{"line":189,"column":6}},"189":{"start":{"line":190,"column":0},"end":{"line":190,"column":6}},"190":{"start":{"line":191,"column":0},"end":{"line":191,"column":6}},"191":{"start":{"line":192,"column":0},"end":{"line":192,"column":4}},"192":{"start":{"line":193,"column":0},"end":{"line":193,"column":21}},"193":{"start":{"line":194,"column":0},"end":{"line":194,"column":26}},"194":{"start":{"line":195,"column":0},"end":{"line":195,"column":20}},"195":{"start":{"line":196,"column":0},"end":{"line":196,"column":32}},"196":{"start":{"line":197,"column":0},"end":{"line":197,"column":23}},"197":{"start":{"line":198,"column":0},"end":{"line":198,"column":12}},"198":{"start":{"line":199,"column":0},"end":{"line":199,"column":24}},"199":{"start":{"line":200,"column":0},"end":{"line":200,"column":12}},"200":{"start":{"line":201,"column":0},"end":{"line":201,"column":29}},"201":{"start":{"line":202,"column":0},"end":{"line":202,"column":54}},"202":{"start":{"line":203,"column":0},"end":{"line":203,"column":20}},"203":{"start":{"line":204,"column":0},"end":{"line":204,"column":5}},"204":{"start":{"line":205,"column":0},"end":{"line":205,"column":3}},"205":{"start":{"line":206,"column":0},"end":{"line":206,"column":0}},"206":{"start":{"line":207,"column":0},"end":{"line":207,"column":27}},"207":{"start":{"line":208,"column":0},"end":{"line":208,"column":1}},"208":{"start":{"line":209,"column":0},"end":{"line":209,"column":0}},"209":{"start":{"line":210,"column":0},"end":{"line":210,"column":12}},"210":{"start":{"line":211,"column":0},"end":{"line":211,"column":17}},"211":{"start":{"line":212,"column":0},"end":{"line":212,"column":19}},"212":{"start":{"line":213,"column":0},"end":{"line":213,"column":3}},"213":{"start":{"line":214,"column":0},"end":{"line":214,"column":0}},"214":{"start":{"line":215,"column":0},"end":{"line":215,"column":59}},"215":{"start":{"line":216,"column":0},"end":{"line":216,"column":60}},"216":{"start":{"line":217,"column":0},"end":{"line":217,"column":68}},"217":{"start":{"line":218,"column":0},"end":{"line":218,"column":0}},"218":{"start":{"line":219,"column":0},"end":{"line":219,"column":28}},"219":{"start":{"line":220,"column":0},"end":{"line":220,"column":0}},"220":{"start":{"line":221,"column":0},"end":{"line":221,"column":28}},"221":{"start":{"line":222,"column":0},"end":{"line":222,"column":31}},"222":{"start":{"line":223,"column":0},"end":{"line":223,"column":25}},"223":{"start":{"line":224,"column":0},"end":{"line":224,"column":20}},"224":{"start":{"line":225,"column":0},"end":{"line":225,"column":3}},"225":{"start":{"line":226,"column":0},"end":{"line":226,"column":0}},"226":{"start":{"line":227,"column":0},"end":{"line":227,"column":21}},"227":{"start":{"line":228,"column":0},"end":{"line":228,"column":37}},"228":{"start":{"line":229,"column":0},"end":{"line":229,"column":46}},"229":{"start":{"line":230,"column":0},"end":{"line":230,"column":0}},"230":{"start":{"line":231,"column":0},"end":{"line":231,"column":39}},"231":{"start":{"line":232,"column":0},"end":{"line":232,"column":53}},"232":{"start":{"line":233,"column":0},"end":{"line":233,"column":0}},"233":{"start":{"line":234,"column":0},"end":{"line":234,"column":65}},"234":{"start":{"line":235,"column":0},"end":{"line":235,"column":62}},"235":{"start":{"line":236,"column":0},"end":{"line":236,"column":50}},"236":{"start":{"line":237,"column":0},"end":{"line":237,"column":28}},"237":{"start":{"line":238,"column":0},"end":{"line":238,"column":19}},"238":{"start":{"line":239,"column":0},"end":{"line":239,"column":5}},"239":{"start":{"line":240,"column":0},"end":{"line":240,"column":0}},"240":{"start":{"line":241,"column":0},"end":{"line":241,"column":40}},"241":{"start":{"line":242,"column":0},"end":{"line":242,"column":3}},"242":{"start":{"line":243,"column":0},"end":{"line":243,"column":0}},"243":{"start":{"line":244,"column":0},"end":{"line":244,"column":18}},"244":{"start":{"line":245,"column":0},"end":{"line":245,"column":35}},"245":{"start":{"line":246,"column":0},"end":{"line":246,"column":34}},"246":{"start":{"line":247,"column":0},"end":{"line":247,"column":0}},"247":{"start":{"line":248,"column":0},"end":{"line":248,"column":37}},"248":{"start":{"line":249,"column":0},"end":{"line":249,"column":36}},"249":{"start":{"line":250,"column":0},"end":{"line":250,"column":10}},"250":{"start":{"line":251,"column":0},"end":{"line":251,"column":65}},"251":{"start":{"line":252,"column":0},"end":{"line":252,"column":25}},"252":{"start":{"line":253,"column":0},"end":{"line":253,"column":5}},"253":{"start":{"line":254,"column":0},"end":{"line":254,"column":3}},"254":{"start":{"line":255,"column":0},"end":{"line":255,"column":0}},"255":{"start":{"line":256,"column":0},"end":{"line":256,"column":23}},"256":{"start":{"line":257,"column":0},"end":{"line":257,"column":18}},"257":{"start":{"line":258,"column":0},"end":{"line":258,"column":35}},"258":{"start":{"line":259,"column":0},"end":{"line":259,"column":38}},"259":{"start":{"line":260,"column":0},"end":{"line":260,"column":0}},"260":{"start":{"line":261,"column":0},"end":{"line":261,"column":51}},"261":{"start":{"line":262,"column":0},"end":{"line":262,"column":59}},"262":{"start":{"line":263,"column":0},"end":{"line":263,"column":61}},"263":{"start":{"line":264,"column":0},"end":{"line":264,"column":0}},"264":{"start":{"line":265,"column":0},"end":{"line":265,"column":32}},"265":{"start":{"line":266,"column":0},"end":{"line":266,"column":94}},"266":{"start":{"line":267,"column":0},"end":{"line":267,"column":25}},"267":{"start":{"line":268,"column":0},"end":{"line":268,"column":24}},"268":{"start":{"line":269,"column":0},"end":{"line":269,"column":0}},"269":{"start":{"line":270,"column":0},"end":{"line":270,"column":63}},"270":{"start":{"line":271,"column":0},"end":{"line":271,"column":58}},"271":{"start":{"line":272,"column":0},"end":{"line":272,"column":36}},"272":{"start":{"line":273,"column":0},"end":{"line":273,"column":21}},"273":{"start":{"line":274,"column":0},"end":{"line":274,"column":5}},"274":{"start":{"line":275,"column":0},"end":{"line":275,"column":0}},"275":{"start":{"line":276,"column":0},"end":{"line":276,"column":32}},"276":{"start":{"line":277,"column":0},"end":{"line":277,"column":3}},"277":{"start":{"line":278,"column":0},"end":{"line":278,"column":1}},"278":{"start":{"line":279,"column":0},"end":{"line":279,"column":0}},"279":{"start":{"line":280,"column":0},"end":{"line":280,"column":17}},"280":{"start":{"line":281,"column":0},"end":{"line":281,"column":21}},"281":{"start":{"line":282,"column":0},"end":{"line":282,"column":104}},"282":{"start":{"line":283,"column":0},"end":{"line":283,"column":17}},"283":{"start":{"line":284,"column":0},"end":{"line":284,"column":7}},"284":{"start":{"line":285,"column":0},"end":{"line":285,"column":2}},"285":{"start":{"line":286,"column":0},"end":{"line":286,"column":3}},"286":{"start":{"line":287,"column":0},"end":{"line":287,"column":2}},"287":{"start":{"line":288,"column":0},"end":{"line":288,"column":2}},"288":{"start":{"line":289,"column":0},"end":{"line":289,"column":2}},"289":{"start":{"line":290,"column":0},"end":{"line":290,"column":2}},"290":{"start":{"line":291,"column":0},"end":{"line":291,"column":2}},"291":{"start":{"line":292,"column":0},"end":{"line":292,"column":3}},"292":{"start":{"line":293,"column":0},"end":{"line":293,"column":3}},"293":{"start":{"line":294,"column":0},"end":{"line":294,"column":2}},"294":{"start":{"line":295,"column":0},"end":{"line":295,"column":3}},"295":{"start":{"line":296,"column":0},"end":{"line":296,"column":2}},"296":{"start":{"line":297,"column":0},"end":{"line":297,"column":2}},"297":{"start":{"line":298,"column":0},"end":{"line":298,"column":2}},"298":{"start":{"line":299,"column":0},"end":{"line":299,"column":2}},"299":{"start":{"line":300,"column":0},"end":{"line":300,"column":2}},"300":{"start":{"line":301,"column":0},"end":{"line":301,"column":2}},"301":{"start":{"line":302,"column":0},"end":{"line":302,"column":1}},"302":{"start":{"line":303,"column":0},"end":{"line":303,"column":3}},"303":{"start":{"line":304,"column":0},"end":{"line":304,"column":2}},"304":{"start":{"line":305,"column":0},"end":{"line":305,"column":21}},"305":{"start":{"line":306,"column":0},"end":{"line":306,"column":26}},"306":{"start":{"line":307,"column":0},"end":{"line":307,"column":20}},"307":{"start":{"line":308,"column":0},"end":{"line":308,"column":32}},"308":{"start":{"line":309,"column":0},"end":{"line":309,"column":27}},"309":{"start":{"line":310,"column":0},"end":{"line":310,"column":16}},"310":{"start":{"line":311,"column":0},"end":{"line":311,"column":22}},"311":{"start":{"line":312,"column":0},"end":{"line":312,"column":12}},"312":{"start":{"line":313,"column":0},"end":{"line":313,"column":33}},"313":{"start":{"line":314,"column":0},"end":{"line":314,"column":5}},"314":{"start":{"line":315,"column":0},"end":{"line":315,"column":4}},"315":{"start":{"line":316,"column":0},"end":{"line":316,"column":3}},"316":{"start":{"line":317,"column":0},"end":{"line":317,"column":27}},"317":{"start":{"line":318,"column":0},"end":{"line":318,"column":1}},"318":{"start":{"line":319,"column":0},"end":{"line":319,"column":17}},"319":{"start":{"line":320,"column":0},"end":{"line":320,"column":18}},"320":{"start":{"line":321,"column":0},"end":{"line":321,"column":4}},"321":{"start":{"line":322,"column":0},"end":{"line":322,"column":25}},"322":{"start":{"line":323,"column":0},"end":{"line":323,"column":26}},"323":{"start":{"line":324,"column":0},"end":{"line":324,"column":37}},"324":{"start":{"line":325,"column":0},"end":{"line":325,"column":4}},"325":{"start":{"line":326,"column":0},"end":{"line":326,"column":23}},"326":{"start":{"line":327,"column":0},"end":{"line":327,"column":217}},"327":{"start":{"line":328,"column":0},"end":{"line":328,"column":52}},"328":{"start":{"line":329,"column":0},"end":{"line":329,"column":60}},"329":{"start":{"line":330,"column":0},"end":{"line":330,"column":32}},"330":{"start":{"line":331,"column":0},"end":{"line":331,"column":38}},"331":{"start":{"line":332,"column":0},"end":{"line":332,"column":19}},"332":{"start":{"line":333,"column":0},"end":{"line":333,"column":5}},"333":{"start":{"line":334,"column":0},"end":{"line":334,"column":4}},"334":{"start":{"line":335,"column":0},"end":{"line":335,"column":3}},"335":{"start":{"line":336,"column":0},"end":{"line":336,"column":0}},"336":{"start":{"line":337,"column":0},"end":{"line":337,"column":23}},"337":{"start":{"line":338,"column":0},"end":{"line":338,"column":35}},"338":{"start":{"line":339,"column":0},"end":{"line":339,"column":15}},"339":{"start":{"line":340,"column":0},"end":{"line":340,"column":5}},"340":{"start":{"line":341,"column":0},"end":{"line":341,"column":0}},"341":{"start":{"line":342,"column":0},"end":{"line":342,"column":31}},"342":{"start":{"line":343,"column":0},"end":{"line":343,"column":51}},"343":{"start":{"line":344,"column":0},"end":{"line":344,"column":20}},"344":{"start":{"line":345,"column":0},"end":{"line":345,"column":18}},"345":{"start":{"line":346,"column":0},"end":{"line":346,"column":0}},"346":{"start":{"line":347,"column":0},"end":{"line":347,"column":42}},"347":{"start":{"line":348,"column":0},"end":{"line":348,"column":42}},"348":{"start":{"line":349,"column":0},"end":{"line":349,"column":31}},"349":{"start":{"line":350,"column":0},"end":{"line":350,"column":205}},"350":{"start":{"line":351,"column":0},"end":{"line":351,"column":44}},"351":{"start":{"line":352,"column":0},"end":{"line":352,"column":33}},"352":{"start":{"line":353,"column":0},"end":{"line":353,"column":7}},"353":{"start":{"line":354,"column":0},"end":{"line":354,"column":6}},"354":{"start":{"line":355,"column":0},"end":{"line":355,"column":149}},"355":{"start":{"line":356,"column":0},"end":{"line":356,"column":6}},"356":{"start":{"line":357,"column":0},"end":{"line":357,"column":37}},"357":{"start":{"line":358,"column":0},"end":{"line":358,"column":45}},"358":{"start":{"line":359,"column":0},"end":{"line":359,"column":30}},"359":{"start":{"line":360,"column":0},"end":{"line":360,"column":23}},"360":{"start":{"line":361,"column":0},"end":{"line":361,"column":5}},"361":{"start":{"line":362,"column":0},"end":{"line":362,"column":0}},"362":{"start":{"line":363,"column":0},"end":{"line":363,"column":19}},"363":{"start":{"line":364,"column":0},"end":{"line":364,"column":3}},"364":{"start":{"line":365,"column":0},"end":{"line":365,"column":0}},"365":{"start":{"line":366,"column":0},"end":{"line":366,"column":1}},"366":{"start":{"line":367,"column":0},"end":{"line":367,"column":0}},"367":{"start":{"line":368,"column":0},"end":{"line":368,"column":11}},"368":{"start":{"line":369,"column":0},"end":{"line":369,"column":51}},"369":{"start":{"line":370,"column":0},"end":{"line":370,"column":0}},"370":{"start":{"line":371,"column":0},"end":{"line":371,"column":0}},"371":{"start":{"line":372,"column":0},"end":{"line":372,"column":22}},"372":{"start":{"line":373,"column":0},"end":{"line":373,"column":21}},"373":{"start":{"line":374,"column":0},"end":{"line":374,"column":81}},"374":{"start":{"line":375,"column":0},"end":{"line":375,"column":24}},"375":{"start":{"line":376,"column":0},"end":{"line":376,"column":18}},"376":{"start":{"line":377,"column":0},"end":{"line":377,"column":32}},"377":{"start":{"line":378,"column":0},"end":{"line":378,"column":52}},"378":{"start":{"line":379,"column":0},"end":{"line":379,"column":31}},"379":{"start":{"line":380,"column":0},"end":{"line":380,"column":3}},"380":{"start":{"line":381,"column":0},"end":{"line":381,"column":0}},"381":{"start":{"line":382,"column":0},"end":{"line":382,"column":18}},"382":{"start":{"line":383,"column":0},"end":{"line":383,"column":0}},"383":{"start":{"line":384,"column":0},"end":{"line":384,"column":27}},"384":{"start":{"line":385,"column":0},"end":{"line":385,"column":29}},"385":{"start":{"line":386,"column":0},"end":{"line":386,"column":32}},"386":{"start":{"line":387,"column":0},"end":{"line":387,"column":19}},"387":{"start":{"line":388,"column":0},"end":{"line":388,"column":17}},"388":{"start":{"line":389,"column":0},"end":{"line":389,"column":17}},"389":{"start":{"line":390,"column":0},"end":{"line":390,"column":3}},"390":{"start":{"line":391,"column":0},"end":{"line":391,"column":0}},"391":{"start":{"line":392,"column":0},"end":{"line":392,"column":26}},"392":{"start":{"line":393,"column":0},"end":{"line":393,"column":29}},"393":{"start":{"line":394,"column":0},"end":{"line":394,"column":32}},"394":{"start":{"line":395,"column":0},"end":{"line":395,"column":16}},"395":{"start":{"line":396,"column":0},"end":{"line":396,"column":19}},"396":{"start":{"line":397,"column":0},"end":{"line":397,"column":16}},"397":{"start":{"line":398,"column":0},"end":{"line":398,"column":3}},"398":{"start":{"line":399,"column":0},"end":{"line":399,"column":0}},"399":{"start":{"line":400,"column":0},"end":{"line":400,"column":28}},"400":{"start":{"line":401,"column":0},"end":{"line":401,"column":29}},"401":{"start":{"line":402,"column":0},"end":{"line":402,"column":32}},"402":{"start":{"line":403,"column":0},"end":{"line":403,"column":18}},"403":{"start":{"line":404,"column":0},"end":{"line":404,"column":18}},"404":{"start":{"line":405,"column":0},"end":{"line":405,"column":19}},"405":{"start":{"line":406,"column":0},"end":{"line":406,"column":3}},"406":{"start":{"line":407,"column":0},"end":{"line":407,"column":0}},"407":{"start":{"line":408,"column":0},"end":{"line":408,"column":16}},"408":{"start":{"line":409,"column":0},"end":{"line":409,"column":17}},"409":{"start":{"line":410,"column":0},"end":{"line":410,"column":15}},"410":{"start":{"line":411,"column":0},"end":{"line":411,"column":17}},"411":{"start":{"line":412,"column":0},"end":{"line":412,"column":17}},"412":{"start":{"line":413,"column":0},"end":{"line":413,"column":0}},"413":{"start":{"line":414,"column":0},"end":{"line":414,"column":22}},"414":{"start":{"line":415,"column":0},"end":{"line":415,"column":1}},"415":{"start":{"line":416,"column":0},"end":{"line":416,"column":0}},"416":{"start":{"line":417,"column":0},"end":{"line":417,"column":11}},"417":{"start":{"line":418,"column":0},"end":{"line":418,"column":0}},"418":{"start":{"line":419,"column":0},"end":{"line":419,"column":0}},"419":{"start":{"line":420,"column":0},"end":{"line":420,"column":6}},"420":{"start":{"line":421,"column":0},"end":{"line":421,"column":16}},"421":{"start":{"line":422,"column":0},"end":{"line":422,"column":21}},"422":{"start":{"line":423,"column":0},"end":{"line":423,"column":104}},"423":{"start":{"line":424,"column":0},"end":{"line":424,"column":17}},"424":{"start":{"line":425,"column":0},"end":{"line":425,"column":6}},"425":{"start":{"line":426,"column":0},"end":{"line":426,"column":6}},"426":{"start":{"line":427,"column":0},"end":{"line":427,"column":6}},"427":{"start":{"line":428,"column":0},"end":{"line":428,"column":6}},"428":{"start":{"line":429,"column":0},"end":{"line":429,"column":7}},"429":{"start":{"line":430,"column":0},"end":{"line":430,"column":8}},"430":{"start":{"line":431,"column":0},"end":{"line":431,"column":6}},"431":{"start":{"line":432,"column":0},"end":{"line":432,"column":5}},"432":{"start":{"line":433,"column":0},"end":{"line":433,"column":4}},"433":{"start":{"line":434,"column":0},"end":{"line":434,"column":21}},"434":{"start":{"line":435,"column":0},"end":{"line":435,"column":32}},"435":{"start":{"line":436,"column":0},"end":{"line":436,"column":32}},"436":{"start":{"line":437,"column":0},"end":{"line":437,"column":20}},"437":{"start":{"line":438,"column":0},"end":{"line":438,"column":32}},"438":{"start":{"line":439,"column":0},"end":{"line":439,"column":27}},"439":{"start":{"line":440,"column":0},"end":{"line":440,"column":4}},"440":{"start":{"line":441,"column":0},"end":{"line":441,"column":42}},"441":{"start":{"line":442,"column":0},"end":{"line":442,"column":25}},"442":{"start":{"line":443,"column":0},"end":{"line":443,"column":12}},"443":{"start":{"line":444,"column":0},"end":{"line":444,"column":25}},"444":{"start":{"line":445,"column":0},"end":{"line":445,"column":5}},"445":{"start":{"line":446,"column":0},"end":{"line":446,"column":0}},"446":{"start":{"line":447,"column":0},"end":{"line":447,"column":40}},"447":{"start":{"line":448,"column":0},"end":{"line":448,"column":36}},"448":{"start":{"line":449,"column":0},"end":{"line":449,"column":35}},"449":{"start":{"line":450,"column":0},"end":{"line":450,"column":25}},"450":{"start":{"line":451,"column":0},"end":{"line":451,"column":25}},"451":{"start":{"line":452,"column":0},"end":{"line":452,"column":33}},"452":{"start":{"line":453,"column":0},"end":{"line":453,"column":12}},"453":{"start":{"line":454,"column":0},"end":{"line":454,"column":33}},"454":{"start":{"line":455,"column":0},"end":{"line":455,"column":5}},"455":{"start":{"line":456,"column":0},"end":{"line":456,"column":0}},"456":{"start":{"line":457,"column":0},"end":{"line":457,"column":4}},"457":{"start":{"line":458,"column":0},"end":{"line":458,"column":3}},"458":{"start":{"line":459,"column":0},"end":{"line":459,"column":2}},"459":{"start":{"line":460,"column":0},"end":{"line":460,"column":0}},"460":{"start":{"line":461,"column":0},"end":{"line":461,"column":27}},"461":{"start":{"line":462,"column":0},"end":{"line":462,"column":1}},"462":{"start":{"line":463,"column":0},"end":{"line":463,"column":0}},"463":{"start":{"line":464,"column":0},"end":{"line":464,"column":24}},"464":{"start":{"line":465,"column":0},"end":{"line":465,"column":44}},"465":{"start":{"line":466,"column":0},"end":{"line":466,"column":0}},"466":{"start":{"line":467,"column":0},"end":{"line":467,"column":0}},"467":{"start":{"line":468,"column":0},"end":{"line":468,"column":20}},"468":{"start":{"line":469,"column":0},"end":{"line":469,"column":17}},"469":{"start":{"line":470,"column":0},"end":{"line":470,"column":0}},"470":{"start":{"line":471,"column":0},"end":{"line":471,"column":37}},"471":{"start":{"line":472,"column":0},"end":{"line":472,"column":0}},"472":{"start":{"line":473,"column":0},"end":{"line":473,"column":25}},"473":{"start":{"line":474,"column":0},"end":{"line":474,"column":26}},"474":{"start":{"line":475,"column":0},"end":{"line":475,"column":37}},"475":{"start":{"line":476,"column":0},"end":{"line":476,"column":0}},"476":{"start":{"line":477,"column":0},"end":{"line":477,"column":23}},"477":{"start":{"line":478,"column":0},"end":{"line":478,"column":107}},"478":{"start":{"line":479,"column":0},"end":{"line":479,"column":58}},"479":{"start":{"line":480,"column":0},"end":{"line":480,"column":66}},"480":{"start":{"line":481,"column":0},"end":{"line":481,"column":32}},"481":{"start":{"line":482,"column":0},"end":{"line":482,"column":44}},"482":{"start":{"line":483,"column":0},"end":{"line":483,"column":19}},"483":{"start":{"line":484,"column":0},"end":{"line":484,"column":5}},"484":{"start":{"line":485,"column":0},"end":{"line":485,"column":3}},"485":{"start":{"line":486,"column":0},"end":{"line":486,"column":0}},"486":{"start":{"line":487,"column":0},"end":{"line":487,"column":23}},"487":{"start":{"line":488,"column":0},"end":{"line":488,"column":33}},"488":{"start":{"line":489,"column":0},"end":{"line":489,"column":51}},"489":{"start":{"line":490,"column":0},"end":{"line":490,"column":20}},"490":{"start":{"line":491,"column":0},"end":{"line":491,"column":18}},"491":{"start":{"line":492,"column":0},"end":{"line":492,"column":0}},"492":{"start":{"line":493,"column":0},"end":{"line":493,"column":46}},"493":{"start":{"line":494,"column":0},"end":{"line":494,"column":46}},"494":{"start":{"line":495,"column":0},"end":{"line":495,"column":35}},"495":{"start":{"line":496,"column":0},"end":{"line":496,"column":95}},"496":{"start":{"line":497,"column":0},"end":{"line":497,"column":44}},"497":{"start":{"line":498,"column":0},"end":{"line":498,"column":33}},"498":{"start":{"line":499,"column":0},"end":{"line":499,"column":7}},"499":{"start":{"line":500,"column":0},"end":{"line":500,"column":0}},"500":{"start":{"line":501,"column":0},"end":{"line":501,"column":40}},"501":{"start":{"line":502,"column":0},"end":{"line":502,"column":39}},"502":{"start":{"line":503,"column":0},"end":{"line":503,"column":47}},"503":{"start":{"line":504,"column":0},"end":{"line":504,"column":32}},"504":{"start":{"line":505,"column":0},"end":{"line":505,"column":25}},"505":{"start":{"line":506,"column":0},"end":{"line":506,"column":19}},"506":{"start":{"line":507,"column":0},"end":{"line":507,"column":5}},"507":{"start":{"line":508,"column":0},"end":{"line":508,"column":0}},"508":{"start":{"line":509,"column":0},"end":{"line":509,"column":19}},"509":{"start":{"line":510,"column":0},"end":{"line":510,"column":3}},"510":{"start":{"line":511,"column":0},"end":{"line":511,"column":0}},"511":{"start":{"line":512,"column":0},"end":{"line":512,"column":20}},"512":{"start":{"line":513,"column":0},"end":{"line":513,"column":24}},"513":{"start":{"line":514,"column":0},"end":{"line":514,"column":3}},"514":{"start":{"line":515,"column":0},"end":{"line":515,"column":0}},"515":{"start":{"line":516,"column":0},"end":{"line":516,"column":21}},"516":{"start":{"line":517,"column":0},"end":{"line":517,"column":21}},"517":{"start":{"line":518,"column":0},"end":{"line":518,"column":3}},"518":{"start":{"line":519,"column":0},"end":{"line":519,"column":1}},"519":{"start":{"line":520,"column":0},"end":{"line":520,"column":0}},"520":{"start":{"line":521,"column":0},"end":{"line":521,"column":20}},"521":{"start":{"line":522,"column":0},"end":{"line":522,"column":17}},"522":{"start":{"line":523,"column":0},"end":{"line":523,"column":0}},"523":{"start":{"line":524,"column":0},"end":{"line":524,"column":37}},"524":{"start":{"line":525,"column":0},"end":{"line":525,"column":0}},"525":{"start":{"line":526,"column":0},"end":{"line":526,"column":25}},"526":{"start":{"line":527,"column":0},"end":{"line":527,"column":26}},"527":{"start":{"line":528,"column":0},"end":{"line":528,"column":37}},"528":{"start":{"line":529,"column":0},"end":{"line":529,"column":0}},"529":{"start":{"line":530,"column":0},"end":{"line":530,"column":23}},"530":{"start":{"line":531,"column":0},"end":{"line":531,"column":107}},"531":{"start":{"line":532,"column":0},"end":{"line":532,"column":58}},"532":{"start":{"line":533,"column":0},"end":{"line":533,"column":66}},"533":{"start":{"line":534,"column":0},"end":{"line":534,"column":32}},"534":{"start":{"line":535,"column":0},"end":{"line":535,"column":44}},"535":{"start":{"line":536,"column":0},"end":{"line":536,"column":19}},"536":{"start":{"line":537,"column":0},"end":{"line":537,"column":5}},"537":{"start":{"line":538,"column":0},"end":{"line":538,"column":3}},"538":{"start":{"line":539,"column":0},"end":{"line":539,"column":0}},"539":{"start":{"line":540,"column":0},"end":{"line":540,"column":23}},"540":{"start":{"line":541,"column":0},"end":{"line":541,"column":33}},"541":{"start":{"line":542,"column":0},"end":{"line":542,"column":51}},"542":{"start":{"line":543,"column":0},"end":{"line":543,"column":20}},"543":{"start":{"line":544,"column":0},"end":{"line":544,"column":18}},"544":{"start":{"line":545,"column":0},"end":{"line":545,"column":0}},"545":{"start":{"line":546,"column":0},"end":{"line":546,"column":46}},"546":{"start":{"line":547,"column":0},"end":{"line":547,"column":46}},"547":{"start":{"line":548,"column":0},"end":{"line":548,"column":35}},"548":{"start":{"line":549,"column":0},"end":{"line":549,"column":95}},"549":{"start":{"line":550,"column":0},"end":{"line":550,"column":44}},"550":{"start":{"line":551,"column":0},"end":{"line":551,"column":33}},"551":{"start":{"line":552,"column":0},"end":{"line":552,"column":7}},"552":{"start":{"line":553,"column":0},"end":{"line":553,"column":0}},"553":{"start":{"line":554,"column":0},"end":{"line":554,"column":40}},"554":{"start":{"line":555,"column":0},"end":{"line":555,"column":39}},"555":{"start":{"line":556,"column":0},"end":{"line":556,"column":47}},"556":{"start":{"line":557,"column":0},"end":{"line":557,"column":32}},"557":{"start":{"line":558,"column":0},"end":{"line":558,"column":25}},"558":{"start":{"line":559,"column":0},"end":{"line":559,"column":19}},"559":{"start":{"line":560,"column":0},"end":{"line":560,"column":5}},"560":{"start":{"line":561,"column":0},"end":{"line":561,"column":0}},"561":{"start":{"line":562,"column":0},"end":{"line":562,"column":19}},"562":{"start":{"line":563,"column":0},"end":{"line":563,"column":3}},"563":{"start":{"line":564,"column":0},"end":{"line":564,"column":0}},"564":{"start":{"line":565,"column":0},"end":{"line":565,"column":20}},"565":{"start":{"line":566,"column":0},"end":{"line":566,"column":24}},"566":{"start":{"line":567,"column":0},"end":{"line":567,"column":3}},"567":{"start":{"line":568,"column":0},"end":{"line":568,"column":0}},"568":{"start":{"line":569,"column":0},"end":{"line":569,"column":21}},"569":{"start":{"line":570,"column":0},"end":{"line":570,"column":21}},"570":{"start":{"line":571,"column":0},"end":{"line":571,"column":3}},"571":{"start":{"line":572,"column":0},"end":{"line":572,"column":1}},"572":{"start":{"line":573,"column":0},"end":{"line":573,"column":0}},"573":{"start":{"line":574,"column":0},"end":{"line":574,"column":0}},"574":{"start":{"line":575,"column":0},"end":{"line":575,"column":0}},"575":{"start":{"line":576,"column":0},"end":{"line":576,"column":23}},"576":{"start":{"line":577,"column":0},"end":{"line":577,"column":55}},"577":{"start":{"line":578,"column":0},"end":{"line":578,"column":22}},"578":{"start":{"line":579,"column":0},"end":{"line":579,"column":42}},"579":{"start":{"line":580,"column":0},"end":{"line":580,"column":0}},"580":{"start":{"line":581,"column":0},"end":{"line":581,"column":6}},"581":{"start":{"line":582,"column":0},"end":{"line":582,"column":0}},"582":{"start":{"line":583,"column":0},"end":{"line":583,"column":11}},"583":{"start":{"line":584,"column":0},"end":{"line":584,"column":0}},"584":{"start":{"line":585,"column":0},"end":{"line":585,"column":0}},"585":{"start":{"line":586,"column":0},"end":{"line":586,"column":12}},"586":{"start":{"line":587,"column":0},"end":{"line":587,"column":21}},"587":{"start":{"line":588,"column":0},"end":{"line":588,"column":81}},"588":{"start":{"line":589,"column":0},"end":{"line":589,"column":58}},"589":{"start":{"line":590,"column":0},"end":{"line":590,"column":53}},"590":{"start":{"line":591,"column":0},"end":{"line":591,"column":53}},"591":{"start":{"line":592,"column":0},"end":{"line":592,"column":36}},"592":{"start":{"line":593,"column":0},"end":{"line":593,"column":32}},"593":{"start":{"line":594,"column":0},"end":{"line":594,"column":1}},"594":{"start":{"line":595,"column":0},"end":{"line":595,"column":0}},"595":{"start":{"line":596,"column":0},"end":{"line":596,"column":11}},"596":{"start":{"line":597,"column":0},"end":{"line":597,"column":0}},"597":{"start":{"line":598,"column":0},"end":{"line":598,"column":0}},"598":{"start":{"line":599,"column":0},"end":{"line":599,"column":21}},"599":{"start":{"line":600,"column":0},"end":{"line":600,"column":80}},"600":{"start":{"line":601,"column":0},"end":{"line":601,"column":57}},"601":{"start":{"line":602,"column":0},"end":{"line":602,"column":59}},"602":{"start":{"line":603,"column":0},"end":{"line":603,"column":2}},"603":{"start":{"line":604,"column":0},"end":{"line":604,"column":22}},"604":{"start":{"line":605,"column":0},"end":{"line":605,"column":19}},"605":{"start":{"line":606,"column":0},"end":{"line":606,"column":14}},"606":{"start":{"line":607,"column":0},"end":{"line":607,"column":16}},"607":{"start":{"line":608,"column":0},"end":{"line":608,"column":0}},"608":{"start":{"line":609,"column":0},"end":{"line":609,"column":43}},"609":{"start":{"line":610,"column":0},"end":{"line":610,"column":34}},"610":{"start":{"line":611,"column":0},"end":{"line":611,"column":31}},"611":{"start":{"line":612,"column":0},"end":{"line":612,"column":12}},"612":{"start":{"line":613,"column":0},"end":{"line":613,"column":14}},"613":{"start":{"line":614,"column":0},"end":{"line":614,"column":5}},"614":{"start":{"line":615,"column":0},"end":{"line":615,"column":0}},"615":{"start":{"line":616,"column":0},"end":{"line":616,"column":40}},"616":{"start":{"line":617,"column":0},"end":{"line":617,"column":21}},"617":{"start":{"line":618,"column":0},"end":{"line":618,"column":5}},"618":{"start":{"line":619,"column":0},"end":{"line":619,"column":31}},"619":{"start":{"line":620,"column":0},"end":{"line":620,"column":12}},"620":{"start":{"line":621,"column":0},"end":{"line":621,"column":3}},"621":{"start":{"line":622,"column":0},"end":{"line":622,"column":0}},"622":{"start":{"line":623,"column":0},"end":{"line":623,"column":19}},"623":{"start":{"line":624,"column":0},"end":{"line":624,"column":13}},"624":{"start":{"line":625,"column":0},"end":{"line":625,"column":1}},"625":{"start":{"line":626,"column":0},"end":{"line":626,"column":0}},"626":{"start":{"line":627,"column":0},"end":{"line":627,"column":11}},"627":{"start":{"line":628,"column":0},"end":{"line":628,"column":0}},"628":{"start":{"line":629,"column":0},"end":{"line":629,"column":0}},"629":{"start":{"line":630,"column":0},"end":{"line":630,"column":0}},"630":{"start":{"line":631,"column":0},"end":{"line":631,"column":21}},"631":{"start":{"line":632,"column":0},"end":{"line":632,"column":81}},"632":{"start":{"line":633,"column":0},"end":{"line":633,"column":22}},"633":{"start":{"line":634,"column":0},"end":{"line":634,"column":83}},"634":{"start":{"line":635,"column":0},"end":{"line":635,"column":27}},"635":{"start":{"line":636,"column":0},"end":{"line":636,"column":21}},"636":{"start":{"line":637,"column":0},"end":{"line":637,"column":0}},"637":{"start":{"line":638,"column":0},"end":{"line":638,"column":47}},"638":{"start":{"line":639,"column":0},"end":{"line":639,"column":24}},"639":{"start":{"line":640,"column":0},"end":{"line":640,"column":20}},"640":{"start":{"line":641,"column":0},"end":{"line":641,"column":23}},"641":{"start":{"line":642,"column":0},"end":{"line":642,"column":70}},"642":{"start":{"line":643,"column":0},"end":{"line":643,"column":32}},"643":{"start":{"line":644,"column":0},"end":{"line":644,"column":28}},"644":{"start":{"line":645,"column":0},"end":{"line":645,"column":38}},"645":{"start":{"line":646,"column":0},"end":{"line":646,"column":36}},"646":{"start":{"line":647,"column":0},"end":{"line":647,"column":36}},"647":{"start":{"line":648,"column":0},"end":{"line":648,"column":7}},"648":{"start":{"line":649,"column":0},"end":{"line":649,"column":21}},"649":{"start":{"line":650,"column":0},"end":{"line":650,"column":14}},"650":{"start":{"line":651,"column":0},"end":{"line":651,"column":14}},"651":{"start":{"line":652,"column":0},"end":{"line":652,"column":14}},"652":{"start":{"line":653,"column":0},"end":{"line":653,"column":7}},"653":{"start":{"line":654,"column":0},"end":{"line":654,"column":5}},"654":{"start":{"line":655,"column":0},"end":{"line":655,"column":3}},"655":{"start":{"line":656,"column":0},"end":{"line":656,"column":0}},"656":{"start":{"line":657,"column":0},"end":{"line":657,"column":22}},"657":{"start":{"line":658,"column":0},"end":{"line":658,"column":1}},"658":{"start":{"line":659,"column":0},"end":{"line":659,"column":11}},"659":{"start":{"line":660,"column":0},"end":{"line":660,"column":0}},"660":{"start":{"line":661,"column":0},"end":{"line":661,"column":35}},"661":{"start":{"line":662,"column":0},"end":{"line":662,"column":21}},"662":{"start":{"line":663,"column":0},"end":{"line":663,"column":81}},"663":{"start":{"line":664,"column":0},"end":{"line":664,"column":58}},"664":{"start":{"line":665,"column":0},"end":{"line":665,"column":59}},"665":{"start":{"line":666,"column":0},"end":{"line":666,"column":49}},"666":{"start":{"line":667,"column":0},"end":{"line":667,"column":31}},"667":{"start":{"line":668,"column":0},"end":{"line":668,"column":60}},"668":{"start":{"line":669,"column":0},"end":{"line":669,"column":3}},"669":{"start":{"line":670,"column":0},"end":{"line":670,"column":16}},"670":{"start":{"line":671,"column":0},"end":{"line":671,"column":0}},"671":{"start":{"line":672,"column":0},"end":{"line":672,"column":27}},"672":{"start":{"line":673,"column":0},"end":{"line":673,"column":27}},"673":{"start":{"line":674,"column":0},"end":{"line":674,"column":16}},"674":{"start":{"line":675,"column":0},"end":{"line":675,"column":19}},"675":{"start":{"line":676,"column":0},"end":{"line":676,"column":28}},"676":{"start":{"line":677,"column":0},"end":{"line":677,"column":22}},"677":{"start":{"line":678,"column":0},"end":{"line":678,"column":14}},"678":{"start":{"line":679,"column":0},"end":{"line":679,"column":5}},"679":{"start":{"line":680,"column":0},"end":{"line":680,"column":33}},"680":{"start":{"line":681,"column":0},"end":{"line":681,"column":37}},"681":{"start":{"line":682,"column":0},"end":{"line":682,"column":37}},"682":{"start":{"line":683,"column":0},"end":{"line":683,"column":51}},"683":{"start":{"line":684,"column":0},"end":{"line":684,"column":34}},"684":{"start":{"line":685,"column":0},"end":{"line":685,"column":30}},"685":{"start":{"line":686,"column":0},"end":{"line":686,"column":17}},"686":{"start":{"line":687,"column":0},"end":{"line":687,"column":17}},"687":{"start":{"line":688,"column":0},"end":{"line":688,"column":20}},"688":{"start":{"line":689,"column":0},"end":{"line":689,"column":10}},"689":{"start":{"line":690,"column":0},"end":{"line":690,"column":16}},"690":{"start":{"line":691,"column":0},"end":{"line":691,"column":9}},"691":{"start":{"line":692,"column":0},"end":{"line":692,"column":7}},"692":{"start":{"line":693,"column":0},"end":{"line":693,"column":5}},"693":{"start":{"line":694,"column":0},"end":{"line":694,"column":0}},"694":{"start":{"line":695,"column":0},"end":{"line":695,"column":14}},"695":{"start":{"line":696,"column":0},"end":{"line":696,"column":27}},"696":{"start":{"line":697,"column":0},"end":{"line":697,"column":27}},"697":{"start":{"line":698,"column":0},"end":{"line":698,"column":51}},"698":{"start":{"line":699,"column":0},"end":{"line":699,"column":34}},"699":{"start":{"line":700,"column":0},"end":{"line":700,"column":16}},"700":{"start":{"line":701,"column":0},"end":{"line":701,"column":16}},"701":{"start":{"line":702,"column":0},"end":{"line":702,"column":17}},"702":{"start":{"line":703,"column":0},"end":{"line":703,"column":17}},"703":{"start":{"line":704,"column":0},"end":{"line":704,"column":9}},"704":{"start":{"line":705,"column":0},"end":{"line":705,"column":19}},"705":{"start":{"line":706,"column":0},"end":{"line":706,"column":5}},"706":{"start":{"line":707,"column":0},"end":{"line":707,"column":0}},"707":{"start":{"line":708,"column":0},"end":{"line":708,"column":3}},"708":{"start":{"line":709,"column":0},"end":{"line":709,"column":0}},"709":{"start":{"line":710,"column":0},"end":{"line":710,"column":20}},"710":{"start":{"line":711,"column":0},"end":{"line":711,"column":1}},"711":{"start":{"line":712,"column":0},"end":{"line":712,"column":0}},"712":{"start":{"line":713,"column":0},"end":{"line":713,"column":0}},"713":{"start":{"line":714,"column":0},"end":{"line":714,"column":0}},"714":{"start":{"line":715,"column":0},"end":{"line":715,"column":21}},"715":{"start":{"line":716,"column":0},"end":{"line":716,"column":83}},"716":{"start":{"line":717,"column":0},"end":{"line":717,"column":17}},"717":{"start":{"line":718,"column":0},"end":{"line":718,"column":6}},"718":{"start":{"line":719,"column":0},"end":{"line":719,"column":2}},"719":{"start":{"line":720,"column":0},"end":{"line":720,"column":6}},"720":{"start":{"line":721,"column":0},"end":{"line":721,"column":6}},"721":{"start":{"line":722,"column":0},"end":{"line":722,"column":4}},"722":{"start":{"line":723,"column":0},"end":{"line":723,"column":6}},"723":{"start":{"line":724,"column":0},"end":{"line":724,"column":8}},"724":{"start":{"line":725,"column":0},"end":{"line":725,"column":3}},"725":{"start":{"line":726,"column":0},"end":{"line":726,"column":6}},"726":{"start":{"line":727,"column":0},"end":{"line":727,"column":5}},"727":{"start":{"line":728,"column":0},"end":{"line":728,"column":3}},"728":{"start":{"line":729,"column":0},"end":{"line":729,"column":22}},"729":{"start":{"line":730,"column":0},"end":{"line":730,"column":20}},"730":{"start":{"line":731,"column":0},"end":{"line":731,"column":31}},"731":{"start":{"line":732,"column":0},"end":{"line":732,"column":31}},"732":{"start":{"line":733,"column":0},"end":{"line":733,"column":73}},"733":{"start":{"line":734,"column":0},"end":{"line":734,"column":74}},"734":{"start":{"line":735,"column":0},"end":{"line":735,"column":71}},"735":{"start":{"line":736,"column":0},"end":{"line":736,"column":21}},"736":{"start":{"line":737,"column":0},"end":{"line":737,"column":88}},"737":{"start":{"line":738,"column":0},"end":{"line":738,"column":28}},"738":{"start":{"line":739,"column":0},"end":{"line":739,"column":18}},"739":{"start":{"line":740,"column":0},"end":{"line":740,"column":25}},"740":{"start":{"line":741,"column":0},"end":{"line":741,"column":36}},"741":{"start":{"line":742,"column":0},"end":{"line":742,"column":65}},"742":{"start":{"line":743,"column":0},"end":{"line":743,"column":35}},"743":{"start":{"line":744,"column":0},"end":{"line":744,"column":31}},"744":{"start":{"line":745,"column":0},"end":{"line":745,"column":31}},"745":{"start":{"line":746,"column":0},"end":{"line":746,"column":53}},"746":{"start":{"line":747,"column":0},"end":{"line":747,"column":31}},"747":{"start":{"line":748,"column":0},"end":{"line":748,"column":46}},"748":{"start":{"line":749,"column":0},"end":{"line":749,"column":32}},"749":{"start":{"line":750,"column":0},"end":{"line":750,"column":11}},"750":{"start":{"line":751,"column":0},"end":{"line":751,"column":9}},"751":{"start":{"line":752,"column":0},"end":{"line":752,"column":7}},"752":{"start":{"line":753,"column":0},"end":{"line":753,"column":5}},"753":{"start":{"line":754,"column":0},"end":{"line":754,"column":4}},"754":{"start":{"line":755,"column":0},"end":{"line":755,"column":57}},"755":{"start":{"line":756,"column":0},"end":{"line":756,"column":3}},"756":{"start":{"line":757,"column":0},"end":{"line":757,"column":0}},"757":{"start":{"line":758,"column":0},"end":{"line":758,"column":27}},"758":{"start":{"line":759,"column":0},"end":{"line":759,"column":1}},"759":{"start":{"line":760,"column":0},"end":{"line":760,"column":11}},"760":{"start":{"line":761,"column":0},"end":{"line":761,"column":0}},"761":{"start":{"line":762,"column":0},"end":{"line":762,"column":0}},"762":{"start":{"line":763,"column":0},"end":{"line":763,"column":12}},"763":{"start":{"line":764,"column":0},"end":{"line":764,"column":17}},"764":{"start":{"line":765,"column":0},"end":{"line":765,"column":19}},"765":{"start":{"line":766,"column":0},"end":{"line":766,"column":3}},"766":{"start":{"line":767,"column":0},"end":{"line":767,"column":0}},"767":{"start":{"line":768,"column":0},"end":{"line":768,"column":59}},"768":{"start":{"line":769,"column":0},"end":{"line":769,"column":60}},"769":{"start":{"line":770,"column":0},"end":{"line":770,"column":68}},"770":{"start":{"line":771,"column":0},"end":{"line":771,"column":0}},"771":{"start":{"line":772,"column":0},"end":{"line":772,"column":28}},"772":{"start":{"line":773,"column":0},"end":{"line":773,"column":0}},"773":{"start":{"line":774,"column":0},"end":{"line":774,"column":28}},"774":{"start":{"line":775,"column":0},"end":{"line":775,"column":31}},"775":{"start":{"line":776,"column":0},"end":{"line":776,"column":25}},"776":{"start":{"line":777,"column":0},"end":{"line":777,"column":20}},"777":{"start":{"line":778,"column":0},"end":{"line":778,"column":3}},"778":{"start":{"line":779,"column":0},"end":{"line":779,"column":0}},"779":{"start":{"line":780,"column":0},"end":{"line":780,"column":21}},"780":{"start":{"line":781,"column":0},"end":{"line":781,"column":37}},"781":{"start":{"line":782,"column":0},"end":{"line":782,"column":46}},"782":{"start":{"line":783,"column":0},"end":{"line":783,"column":0}},"783":{"start":{"line":784,"column":0},"end":{"line":784,"column":39}},"784":{"start":{"line":785,"column":0},"end":{"line":785,"column":53}},"785":{"start":{"line":786,"column":0},"end":{"line":786,"column":0}},"786":{"start":{"line":787,"column":0},"end":{"line":787,"column":65}},"787":{"start":{"line":788,"column":0},"end":{"line":788,"column":66}},"788":{"start":{"line":789,"column":0},"end":{"line":789,"column":50}},"789":{"start":{"line":790,"column":0},"end":{"line":790,"column":28}},"790":{"start":{"line":791,"column":0},"end":{"line":791,"column":19}},"791":{"start":{"line":792,"column":0},"end":{"line":792,"column":5}},"792":{"start":{"line":793,"column":0},"end":{"line":793,"column":0}},"793":{"start":{"line":794,"column":0},"end":{"line":794,"column":40}},"794":{"start":{"line":795,"column":0},"end":{"line":795,"column":3}},"795":{"start":{"line":796,"column":0},"end":{"line":796,"column":0}},"796":{"start":{"line":797,"column":0},"end":{"line":797,"column":18}},"797":{"start":{"line":798,"column":0},"end":{"line":798,"column":35}},"798":{"start":{"line":799,"column":0},"end":{"line":799,"column":34}},"799":{"start":{"line":800,"column":0},"end":{"line":800,"column":0}},"800":{"start":{"line":801,"column":0},"end":{"line":801,"column":37}},"801":{"start":{"line":802,"column":0},"end":{"line":802,"column":36}},"802":{"start":{"line":803,"column":0},"end":{"line":803,"column":10}},"803":{"start":{"line":804,"column":0},"end":{"line":804,"column":65}},"804":{"start":{"line":805,"column":0},"end":{"line":805,"column":25}},"805":{"start":{"line":806,"column":0},"end":{"line":806,"column":5}},"806":{"start":{"line":807,"column":0},"end":{"line":807,"column":3}},"807":{"start":{"line":808,"column":0},"end":{"line":808,"column":0}},"808":{"start":{"line":809,"column":0},"end":{"line":809,"column":23}},"809":{"start":{"line":810,"column":0},"end":{"line":810,"column":18}},"810":{"start":{"line":811,"column":0},"end":{"line":811,"column":35}},"811":{"start":{"line":812,"column":0},"end":{"line":812,"column":38}},"812":{"start":{"line":813,"column":0},"end":{"line":813,"column":0}},"813":{"start":{"line":814,"column":0},"end":{"line":814,"column":51}},"814":{"start":{"line":815,"column":0},"end":{"line":815,"column":59}},"815":{"start":{"line":816,"column":0},"end":{"line":816,"column":61}},"816":{"start":{"line":817,"column":0},"end":{"line":817,"column":0}},"817":{"start":{"line":818,"column":0},"end":{"line":818,"column":32}},"818":{"start":{"line":819,"column":0},"end":{"line":819,"column":101}},"819":{"start":{"line":820,"column":0},"end":{"line":820,"column":25}},"820":{"start":{"line":821,"column":0},"end":{"line":821,"column":24}},"821":{"start":{"line":822,"column":0},"end":{"line":822,"column":0}},"822":{"start":{"line":823,"column":0},"end":{"line":823,"column":67}},"823":{"start":{"line":824,"column":0},"end":{"line":824,"column":58}},"824":{"start":{"line":825,"column":0},"end":{"line":825,"column":36}},"825":{"start":{"line":826,"column":0},"end":{"line":826,"column":21}},"826":{"start":{"line":827,"column":0},"end":{"line":827,"column":5}},"827":{"start":{"line":828,"column":0},"end":{"line":828,"column":0}},"828":{"start":{"line":829,"column":0},"end":{"line":829,"column":32}},"829":{"start":{"line":830,"column":0},"end":{"line":830,"column":3}},"830":{"start":{"line":831,"column":0},"end":{"line":831,"column":0}},"831":{"start":{"line":832,"column":0},"end":{"line":832,"column":32}},"832":{"start":{"line":833,"column":0},"end":{"line":833,"column":1}},"833":{"start":{"line":834,"column":0},"end":{"line":834,"column":0}},"834":{"start":{"line":835,"column":0},"end":{"line":835,"column":0}},"835":{"start":{"line":836,"column":0},"end":{"line":836,"column":21}},"836":{"start":{"line":837,"column":0},"end":{"line":837,"column":81}},"837":{"start":{"line":838,"column":0},"end":{"line":838,"column":50}},"838":{"start":{"line":839,"column":0},"end":{"line":839,"column":60}},"839":{"start":{"line":840,"column":0},"end":{"line":840,"column":47}},"840":{"start":{"line":841,"column":0},"end":{"line":841,"column":17}},"841":{"start":{"line":842,"column":0},"end":{"line":842,"column":0}},"842":{"start":{"line":843,"column":0},"end":{"line":843,"column":32}},"843":{"start":{"line":844,"column":0},"end":{"line":844,"column":64}},"844":{"start":{"line":845,"column":0},"end":{"line":845,"column":35}},"845":{"start":{"line":846,"column":0},"end":{"line":846,"column":35}},"846":{"start":{"line":847,"column":0},"end":{"line":847,"column":3}},"847":{"start":{"line":848,"column":0},"end":{"line":848,"column":0}},"848":{"start":{"line":849,"column":0},"end":{"line":849,"column":34}},"849":{"start":{"line":850,"column":0},"end":{"line":850,"column":0}},"850":{"start":{"line":851,"column":0},"end":{"line":851,"column":23}},"851":{"start":{"line":852,"column":0},"end":{"line":852,"column":29}},"852":{"start":{"line":853,"column":0},"end":{"line":853,"column":18}},"853":{"start":{"line":854,"column":0},"end":{"line":854,"column":29}},"854":{"start":{"line":855,"column":0},"end":{"line":855,"column":31}},"855":{"start":{"line":856,"column":0},"end":{"line":856,"column":27}},"856":{"start":{"line":857,"column":0},"end":{"line":857,"column":41}},"857":{"start":{"line":858,"column":0},"end":{"line":858,"column":61}},"858":{"start":{"line":859,"column":0},"end":{"line":859,"column":7}},"859":{"start":{"line":860,"column":0},"end":{"line":860,"column":5}},"860":{"start":{"line":861,"column":0},"end":{"line":861,"column":3}},"861":{"start":{"line":862,"column":0},"end":{"line":862,"column":0}},"862":{"start":{"line":863,"column":0},"end":{"line":863,"column":16}},"863":{"start":{"line":864,"column":0},"end":{"line":864,"column":1}},"864":{"start":{"line":865,"column":0},"end":{"line":865,"column":82}},"865":{"start":{"line":866,"column":0},"end":{"line":866,"column":52}},"866":{"start":{"line":867,"column":0},"end":{"line":867,"column":11}},"867":{"start":{"line":868,"column":0},"end":{"line":868,"column":0}},"868":{"start":{"line":869,"column":0},"end":{"line":869,"column":0}},"869":{"start":{"line":870,"column":0},"end":{"line":870,"column":32}},"870":{"start":{"line":871,"column":0},"end":{"line":871,"column":24}},"871":{"start":{"line":872,"column":0},"end":{"line":872,"column":46}},"872":{"start":{"line":873,"column":0},"end":{"line":873,"column":3}},"873":{"start":{"line":874,"column":0},"end":{"line":874,"column":0}},"874":{"start":{"line":875,"column":0},"end":{"line":875,"column":19}},"875":{"start":{"line":876,"column":0},"end":{"line":876,"column":1}},"876":{"start":{"line":877,"column":0},"end":{"line":877,"column":0}},"877":{"start":{"line":878,"column":0},"end":{"line":878,"column":34}},"878":{"start":{"line":879,"column":0},"end":{"line":879,"column":28}},"879":{"start":{"line":880,"column":0},"end":{"line":880,"column":28}},"880":{"start":{"line":881,"column":0},"end":{"line":881,"column":14}},"881":{"start":{"line":882,"column":0},"end":{"line":882,"column":18}},"882":{"start":{"line":883,"column":0},"end":{"line":883,"column":10}},"883":{"start":{"line":884,"column":0},"end":{"line":884,"column":18}},"884":{"start":{"line":885,"column":0},"end":{"line":885,"column":3}},"885":{"start":{"line":886,"column":0},"end":{"line":886,"column":0}},"886":{"start":{"line":887,"column":0},"end":{"line":887,"column":16}},"887":{"start":{"line":888,"column":0},"end":{"line":888,"column":1}},"888":{"start":{"line":889,"column":0},"end":{"line":889,"column":0}},"889":{"start":{"line":890,"column":0},"end":{"line":890,"column":21}},"890":{"start":{"line":891,"column":0},"end":{"line":891,"column":81}},"891":{"start":{"line":892,"column":0},"end":{"line":892,"column":50}},"892":{"start":{"line":893,"column":0},"end":{"line":893,"column":19}},"893":{"start":{"line":894,"column":0},"end":{"line":894,"column":32}},"894":{"start":{"line":895,"column":0},"end":{"line":895,"column":17}},"895":{"start":{"line":896,"column":0},"end":{"line":896,"column":32}},"896":{"start":{"line":897,"column":0},"end":{"line":897,"column":19}},"897":{"start":{"line":898,"column":0},"end":{"line":898,"column":3}},"898":{"start":{"line":899,"column":0},"end":{"line":899,"column":32}},"899":{"start":{"line":900,"column":0},"end":{"line":900,"column":64}},"900":{"start":{"line":901,"column":0},"end":{"line":901,"column":35}},"901":{"start":{"line":902,"column":0},"end":{"line":902,"column":3}},"902":{"start":{"line":903,"column":0},"end":{"line":903,"column":0}},"903":{"start":{"line":904,"column":0},"end":{"line":904,"column":36}},"904":{"start":{"line":905,"column":0},"end":{"line":905,"column":0}},"905":{"start":{"line":906,"column":0},"end":{"line":906,"column":25}},"906":{"start":{"line":907,"column":0},"end":{"line":907,"column":27}},"907":{"start":{"line":908,"column":0},"end":{"line":908,"column":60}},"908":{"start":{"line":909,"column":0},"end":{"line":909,"column":41}},"909":{"start":{"line":910,"column":0},"end":{"line":910,"column":18}},"910":{"start":{"line":911,"column":0},"end":{"line":911,"column":5}},"911":{"start":{"line":912,"column":0},"end":{"line":912,"column":4}},"912":{"start":{"line":913,"column":0},"end":{"line":913,"column":22}},"913":{"start":{"line":914,"column":0},"end":{"line":914,"column":1}},"914":{"start":{"line":915,"column":0},"end":{"line":915,"column":0}},"915":{"start":{"line":916,"column":0},"end":{"line":916,"column":11}},"916":{"start":{"line":917,"column":0},"end":{"line":917,"column":0}},"917":{"start":{"line":918,"column":0},"end":{"line":918,"column":6}},"918":{"start":{"line":919,"column":0},"end":{"line":919,"column":21}},"919":{"start":{"line":920,"column":0},"end":{"line":920,"column":83}},"920":{"start":{"line":921,"column":0},"end":{"line":921,"column":17}},"921":{"start":{"line":922,"column":0},"end":{"line":922,"column":6}},"922":{"start":{"line":923,"column":0},"end":{"line":923,"column":6}},"923":{"start":{"line":924,"column":0},"end":{"line":924,"column":12}},"924":{"start":{"line":925,"column":0},"end":{"line":925,"column":12}},"925":{"start":{"line":926,"column":0},"end":{"line":926,"column":12}},"926":{"start":{"line":927,"column":0},"end":{"line":927,"column":12}},"927":{"start":{"line":928,"column":0},"end":{"line":928,"column":12}},"928":{"start":{"line":929,"column":0},"end":{"line":929,"column":13}},"929":{"start":{"line":930,"column":0},"end":{"line":930,"column":12}},"930":{"start":{"line":931,"column":0},"end":{"line":931,"column":12}},"931":{"start":{"line":932,"column":0},"end":{"line":932,"column":11}},"932":{"start":{"line":933,"column":0},"end":{"line":933,"column":3}},"933":{"start":{"line":934,"column":0},"end":{"line":934,"column":22}},"934":{"start":{"line":935,"column":0},"end":{"line":935,"column":22}},"935":{"start":{"line":936,"column":0},"end":{"line":936,"column":19}},"936":{"start":{"line":937,"column":0},"end":{"line":937,"column":35}},"937":{"start":{"line":938,"column":0},"end":{"line":938,"column":49}},"938":{"start":{"line":939,"column":0},"end":{"line":939,"column":3}},"939":{"start":{"line":940,"column":0},"end":{"line":940,"column":33}},"940":{"start":{"line":941,"column":0},"end":{"line":941,"column":32}},"941":{"start":{"line":942,"column":0},"end":{"line":942,"column":19}},"942":{"start":{"line":943,"column":0},"end":{"line":943,"column":3}},"943":{"start":{"line":944,"column":0},"end":{"line":944,"column":17}},"944":{"start":{"line":945,"column":0},"end":{"line":945,"column":0}},"945":{"start":{"line":946,"column":0},"end":{"line":946,"column":36}},"946":{"start":{"line":947,"column":0},"end":{"line":947,"column":25}},"947":{"start":{"line":948,"column":0},"end":{"line":948,"column":27}},"948":{"start":{"line":949,"column":0},"end":{"line":949,"column":60}},"949":{"start":{"line":950,"column":0},"end":{"line":950,"column":31}},"950":{"start":{"line":951,"column":0},"end":{"line":951,"column":18}},"951":{"start":{"line":952,"column":0},"end":{"line":952,"column":5}},"952":{"start":{"line":953,"column":0},"end":{"line":953,"column":4}},"953":{"start":{"line":954,"column":0},"end":{"line":954,"column":0}},"954":{"start":{"line":955,"column":0},"end":{"line":955,"column":16}},"955":{"start":{"line":956,"column":0},"end":{"line":956,"column":1}},"956":{"start":{"line":957,"column":0},"end":{"line":957,"column":0}},"957":{"start":{"line":958,"column":0},"end":{"line":958,"column":32}},"958":{"start":{"line":959,"column":0},"end":{"line":959,"column":24}},"959":{"start":{"line":960,"column":0},"end":{"line":960,"column":46}},"960":{"start":{"line":961,"column":0},"end":{"line":961,"column":3}},"961":{"start":{"line":962,"column":0},"end":{"line":962,"column":0}},"962":{"start":{"line":963,"column":0},"end":{"line":963,"column":19}},"963":{"start":{"line":964,"column":0},"end":{"line":964,"column":1}},"964":{"start":{"line":965,"column":0},"end":{"line":965,"column":0}},"965":{"start":{"line":966,"column":0},"end":{"line":966,"column":34}},"966":{"start":{"line":967,"column":0},"end":{"line":967,"column":28}},"967":{"start":{"line":968,"column":0},"end":{"line":968,"column":28}},"968":{"start":{"line":969,"column":0},"end":{"line":969,"column":14}},"969":{"start":{"line":970,"column":0},"end":{"line":970,"column":18}},"970":{"start":{"line":971,"column":0},"end":{"line":971,"column":10}},"971":{"start":{"line":972,"column":0},"end":{"line":972,"column":18}},"972":{"start":{"line":973,"column":0},"end":{"line":973,"column":3}},"973":{"start":{"line":974,"column":0},"end":{"line":974,"column":16}},"974":{"start":{"line":975,"column":0},"end":{"line":975,"column":1}},"975":{"start":{"line":976,"column":0},"end":{"line":976,"column":0}},"976":{"start":{"line":977,"column":0},"end":{"line":977,"column":15}},"977":{"start":{"line":978,"column":0},"end":{"line":978,"column":21}},"978":{"start":{"line":979,"column":0},"end":{"line":979,"column":81}},"979":{"start":{"line":980,"column":0},"end":{"line":980,"column":50}},"980":{"start":{"line":981,"column":0},"end":{"line":981,"column":19}},"981":{"start":{"line":982,"column":0},"end":{"line":982,"column":35}},"982":{"start":{"line":983,"column":0},"end":{"line":983,"column":49}},"983":{"start":{"line":984,"column":0},"end":{"line":984,"column":3}},"984":{"start":{"line":985,"column":0},"end":{"line":985,"column":36}},"985":{"start":{"line":986,"column":0},"end":{"line":986,"column":32}},"986":{"start":{"line":987,"column":0},"end":{"line":987,"column":32}},"987":{"start":{"line":988,"column":0},"end":{"line":988,"column":18}},"988":{"start":{"line":989,"column":0},"end":{"line":989,"column":3}},"989":{"start":{"line":990,"column":0},"end":{"line":990,"column":17}},"990":{"start":{"line":991,"column":0},"end":{"line":991,"column":0}},"991":{"start":{"line":992,"column":0},"end":{"line":992,"column":25}},"992":{"start":{"line":993,"column":0},"end":{"line":993,"column":27}},"993":{"start":{"line":994,"column":0},"end":{"line":994,"column":58}},"994":{"start":{"line":995,"column":0},"end":{"line":995,"column":32}},"995":{"start":{"line":996,"column":0},"end":{"line":996,"column":18}},"996":{"start":{"line":997,"column":0},"end":{"line":997,"column":5}},"997":{"start":{"line":998,"column":0},"end":{"line":998,"column":4}},"998":{"start":{"line":999,"column":0},"end":{"line":999,"column":0}},"999":{"start":{"line":1000,"column":0},"end":{"line":1000,"column":22}},"1000":{"start":{"line":1001,"column":0},"end":{"line":1001,"column":1}},"1001":{"start":{"line":1002,"column":0},"end":{"line":1002,"column":0}},"1002":{"start":{"line":1003,"column":0},"end":{"line":1003,"column":32}},"1003":{"start":{"line":1004,"column":0},"end":{"line":1004,"column":24}},"1004":{"start":{"line":1005,"column":0},"end":{"line":1005,"column":46}},"1005":{"start":{"line":1006,"column":0},"end":{"line":1006,"column":3}},"1006":{"start":{"line":1007,"column":0},"end":{"line":1007,"column":0}},"1007":{"start":{"line":1008,"column":0},"end":{"line":1008,"column":19}},"1008":{"start":{"line":1009,"column":0},"end":{"line":1009,"column":1}},"1009":{"start":{"line":1010,"column":0},"end":{"line":1010,"column":0}},"1010":{"start":{"line":1011,"column":0},"end":{"line":1011,"column":36}},"1011":{"start":{"line":1012,"column":0},"end":{"line":1012,"column":28}},"1012":{"start":{"line":1013,"column":0},"end":{"line":1013,"column":28}},"1013":{"start":{"line":1014,"column":0},"end":{"line":1014,"column":14}},"1014":{"start":{"line":1015,"column":0},"end":{"line":1015,"column":18}},"1015":{"start":{"line":1016,"column":0},"end":{"line":1016,"column":10}},"1016":{"start":{"line":1017,"column":0},"end":{"line":1017,"column":18}},"1017":{"start":{"line":1018,"column":0},"end":{"line":1018,"column":3}},"1018":{"start":{"line":1019,"column":0},"end":{"line":1019,"column":0}},"1019":{"start":{"line":1020,"column":0},"end":{"line":1020,"column":16}},"1020":{"start":{"line":1021,"column":0},"end":{"line":1021,"column":1}},"1021":{"start":{"line":1022,"column":0},"end":{"line":1022,"column":11}},"1022":{"start":{"line":1023,"column":0},"end":{"line":1023,"column":0}},"1023":{"start":{"line":1024,"column":0},"end":{"line":1024,"column":13}},"1024":{"start":{"line":1025,"column":0},"end":{"line":1025,"column":21}},"1025":{"start":{"line":1026,"column":0},"end":{"line":1026,"column":93}},"1026":{"start":{"line":1027,"column":0},"end":{"line":1027,"column":23}},"1027":{"start":{"line":1028,"column":0},"end":{"line":1028,"column":20}},"1028":{"start":{"line":1029,"column":0},"end":{"line":1029,"column":29}},"1029":{"start":{"line":1030,"column":0},"end":{"line":1030,"column":29}},"1030":{"start":{"line":1031,"column":0},"end":{"line":1031,"column":2}},"1031":{"start":{"line":1032,"column":0},"end":{"line":1032,"column":51}},"1032":{"start":{"line":1033,"column":0},"end":{"line":1033,"column":56}},"1033":{"start":{"line":1034,"column":0},"end":{"line":1034,"column":42}},"1034":{"start":{"line":1035,"column":0},"end":{"line":1035,"column":41}},"1035":{"start":{"line":1036,"column":0},"end":{"line":1036,"column":6}},"1036":{"start":{"line":1037,"column":0},"end":{"line":1037,"column":43}},"1037":{"start":{"line":1038,"column":0},"end":{"line":1038,"column":10}},"1038":{"start":{"line":1039,"column":0},"end":{"line":1039,"column":22}},"1039":{"start":{"line":1040,"column":0},"end":{"line":1040,"column":3}},"1040":{"start":{"line":1041,"column":0},"end":{"line":1041,"column":0}},"1041":{"start":{"line":1042,"column":0},"end":{"line":1042,"column":51}},"1042":{"start":{"line":1043,"column":0},"end":{"line":1043,"column":56}},"1043":{"start":{"line":1044,"column":0},"end":{"line":1044,"column":42}},"1044":{"start":{"line":1045,"column":0},"end":{"line":1045,"column":41}},"1045":{"start":{"line":1046,"column":0},"end":{"line":1046,"column":6}},"1046":{"start":{"line":1047,"column":0},"end":{"line":1047,"column":43}},"1047":{"start":{"line":1048,"column":0},"end":{"line":1048,"column":10}},"1048":{"start":{"line":1049,"column":0},"end":{"line":1049,"column":22}},"1049":{"start":{"line":1050,"column":0},"end":{"line":1050,"column":3}},"1050":{"start":{"line":1051,"column":0},"end":{"line":1051,"column":38}},"1051":{"start":{"line":1052,"column":0},"end":{"line":1052,"column":32}},"1052":{"start":{"line":1053,"column":0},"end":{"line":1053,"column":0}},"1053":{"start":{"line":1054,"column":0},"end":{"line":1054,"column":1}},"1054":{"start":{"line":1055,"column":0},"end":{"line":1055,"column":11}},"1055":{"start":{"line":1056,"column":0},"end":{"line":1056,"column":0}},"1056":{"start":{"line":1057,"column":0},"end":{"line":1057,"column":10}},"1057":{"start":{"line":1058,"column":0},"end":{"line":1058,"column":21}},"1058":{"start":{"line":1059,"column":0},"end":{"line":1059,"column":83}},"1059":{"start":{"line":1060,"column":0},"end":{"line":1060,"column":17}},"1060":{"start":{"line":1061,"column":0},"end":{"line":1061,"column":8}},"1061":{"start":{"line":1062,"column":0},"end":{"line":1062,"column":12}},"1062":{"start":{"line":1063,"column":0},"end":{"line":1063,"column":12}},"1063":{"start":{"line":1064,"column":0},"end":{"line":1064,"column":12}},"1064":{"start":{"line":1065,"column":0},"end":{"line":1065,"column":12}},"1065":{"start":{"line":1066,"column":0},"end":{"line":1066,"column":11}},"1066":{"start":{"line":1067,"column":0},"end":{"line":1067,"column":3}},"1067":{"start":{"line":1068,"column":0},"end":{"line":1068,"column":50}},"1068":{"start":{"line":1069,"column":0},"end":{"line":1069,"column":60}},"1069":{"start":{"line":1070,"column":0},"end":{"line":1070,"column":31}},"1070":{"start":{"line":1071,"column":0},"end":{"line":1071,"column":52}},"1071":{"start":{"line":1072,"column":0},"end":{"line":1072,"column":3}},"1072":{"start":{"line":1073,"column":0},"end":{"line":1073,"column":43}},"1073":{"start":{"line":1074,"column":0},"end":{"line":1074,"column":17}},"1074":{"start":{"line":1075,"column":0},"end":{"line":1075,"column":31}},"1075":{"start":{"line":1076,"column":0},"end":{"line":1076,"column":33}},"1076":{"start":{"line":1077,"column":0},"end":{"line":1077,"column":30}},"1077":{"start":{"line":1078,"column":0},"end":{"line":1078,"column":25}},"1078":{"start":{"line":1079,"column":0},"end":{"line":1079,"column":7}},"1079":{"start":{"line":1080,"column":0},"end":{"line":1080,"column":5}},"1080":{"start":{"line":1081,"column":0},"end":{"line":1081,"column":3}},"1081":{"start":{"line":1082,"column":0},"end":{"line":1082,"column":56}},"1082":{"start":{"line":1083,"column":0},"end":{"line":1083,"column":23}},"1083":{"start":{"line":1084,"column":0},"end":{"line":1084,"column":96}},"1084":{"start":{"line":1085,"column":0},"end":{"line":1085,"column":2}},"1085":{"start":{"line":1086,"column":0},"end":{"line":1086,"column":43}},"1086":{"start":{"line":1087,"column":0},"end":{"line":1087,"column":68}},"1087":{"start":{"line":1088,"column":0},"end":{"line":1088,"column":88}},"1088":{"start":{"line":1089,"column":0},"end":{"line":1089,"column":112}},"1089":{"start":{"line":1090,"column":0},"end":{"line":1090,"column":63}},"1090":{"start":{"line":1091,"column":0},"end":{"line":1091,"column":7}},"1091":{"start":{"line":1092,"column":0},"end":{"line":1092,"column":2}},"1092":{"start":{"line":1093,"column":0},"end":{"line":1093,"column":43}},"1093":{"start":{"line":1094,"column":0},"end":{"line":1094,"column":3}},"1094":{"start":{"line":1095,"column":0},"end":{"line":1095,"column":23}},"1095":{"start":{"line":1096,"column":0},"end":{"line":1096,"column":46}},"1096":{"start":{"line":1097,"column":0},"end":{"line":1097,"column":24}},"1097":{"start":{"line":1098,"column":0},"end":{"line":1098,"column":29}},"1098":{"start":{"line":1099,"column":0},"end":{"line":1099,"column":39}},"1099":{"start":{"line":1100,"column":0},"end":{"line":1100,"column":19}},"1100":{"start":{"line":1101,"column":0},"end":{"line":1101,"column":33}},"1101":{"start":{"line":1102,"column":0},"end":{"line":1102,"column":35}},"1102":{"start":{"line":1103,"column":0},"end":{"line":1103,"column":32}},"1103":{"start":{"line":1104,"column":0},"end":{"line":1104,"column":29}},"1104":{"start":{"line":1105,"column":0},"end":{"line":1105,"column":36}},"1105":{"start":{"line":1106,"column":0},"end":{"line":1106,"column":59}},"1106":{"start":{"line":1107,"column":0},"end":{"line":1107,"column":12}},"1107":{"start":{"line":1108,"column":0},"end":{"line":1108,"column":24}},"1108":{"start":{"line":1109,"column":0},"end":{"line":1109,"column":9}},"1109":{"start":{"line":1110,"column":0},"end":{"line":1110,"column":7}},"1110":{"start":{"line":1111,"column":0},"end":{"line":1111,"column":5}},"1111":{"start":{"line":1112,"column":0},"end":{"line":1112,"column":38}},"1112":{"start":{"line":1113,"column":0},"end":{"line":1113,"column":3}},"1113":{"start":{"line":1114,"column":0},"end":{"line":1114,"column":16}},"1114":{"start":{"line":1115,"column":0},"end":{"line":1115,"column":1}},"1115":{"start":{"line":1116,"column":0},"end":{"line":1116,"column":0}},"1116":{"start":{"line":1117,"column":0},"end":{"line":1117,"column":28}},"1117":{"start":{"line":1118,"column":0},"end":{"line":1118,"column":55}},"1118":{"start":{"line":1119,"column":0},"end":{"line":1119,"column":1}},"1119":{"start":{"line":1120,"column":0},"end":{"line":1120,"column":0}},"1120":{"start":{"line":1121,"column":0},"end":{"line":1121,"column":0}},"1121":{"start":{"line":1122,"column":0},"end":{"line":1122,"column":11}},"1122":{"start":{"line":1123,"column":0},"end":{"line":1123,"column":0}},"1123":{"start":{"line":1124,"column":0},"end":{"line":1124,"column":14}},"1124":{"start":{"line":1125,"column":0},"end":{"line":1125,"column":21}},"1125":{"start":{"line":1126,"column":0},"end":{"line":1126,"column":93}},"1126":{"start":{"line":1127,"column":0},"end":{"line":1127,"column":21}},"1127":{"start":{"line":1128,"column":0},"end":{"line":1128,"column":23}},"1128":{"start":{"line":1129,"column":0},"end":{"line":1129,"column":38}},"1129":{"start":{"line":1130,"colu
[...]
324,"column":0},"end":{"line":1324,"column":0}},"1324":{"start":{"line":1325,"column":0},"end":{"line":1325,"column":11}},"1325":{"start":{"line":1326,"column":0},"end":{"line":1326,"column":21}},"1326":{"start":{"line":1327,"column":0},"end":{"line":1327,"column":16}},"1327":{"start":{"line":1328,"column":0},"end":{"line":1328,"column":14}},"1328":{"start":{"line":1329,"column":0},"end":{"line":1329,"column":19}},"1329":{"start":{"line":1330,"column":0},"end":{"line":1330,"column":23}},"1330":{"start":{"line":1331,"column":0},"end":{"line":1331,"column":9}},"1331":{"start":{"line":1332,"column":0},"end":{"line":1332,"column":20}},"1332":{"start":{"line":1333,"column":0},"end":{"line":1333,"column":1}},"1333":{"start":{"line":1334,"column":0},"end":{"line":1334,"column":0}},"1334":{"start":{"line":1335,"column":0},"end":{"line":1335,"column":20}},"1335":{"start":{"line":1336,"column":0},"end":{"line":1336,"column":1}},"1336":{"start":{"line":1337,"column":0},"end":{"line":1337,"column":0}},"1337":{"start":{"line":1338,"column":0},"end":{"line":1338,"column":10}},"1338":{"start":{"line":1339,"column":0},"end":{"line":1339,"column":21}},"1339":{"start":{"line":1340,"column":0},"end":{"line":1340,"column":80}},"1340":{"start":{"line":1341,"column":0},"end":{"line":1341,"column":50}},"1341":{"start":{"line":1342,"column":0},"end":{"line":1342,"column":75}},"1342":{"start":{"line":1343,"column":0},"end":{"line":1343,"column":16}},"1343":{"start":{"line":1344,"column":0},"end":{"line":1344,"column":14}},"1344":{"start":{"line":1345,"column":0},"end":{"line":1345,"column":31}},"1345":{"start":{"line":1346,"column":0},"end":{"line":1346,"column":29}},"1346":{"start":{"line":1347,"column":0},"end":{"line":1347,"column":14}},"1347":{"start":{"line":1348,"column":0},"end":{"line":1348,"column":33}},"1348":{"start":{"line":1349,"column":0},"end":{"line":1349,"column":5}},"1349":{"start":{"line":1350,"column":0},"end":{"line":1350,"column":0}},"1350":{"start":{"line":1351,"column":0},"end":{"line":1351,"column":3}},"1351":{"start":{"line":1352,"column":0},"end":{"line":1352,"column":0}},"1352":{"start":{"line":1353,"column":0},"end":{"line":1353,"column":21}},"1353":{"start":{"line":1354,"column":0},"end":{"line":1354,"column":1}},"1354":{"start":{"line":1355,"column":0},"end":{"line":1355,"column":11}},"1355":{"start":{"line":1356,"column":0},"end":{"line":1356,"column":0}},"1356":{"start":{"line":1357,"column":0},"end":{"line":1357,"column":0}},"1357":{"start":{"line":1358,"column":0},"end":{"line":1358,"column":11}},"1358":{"start":{"line":1359,"column":0},"end":{"line":1359,"column":21}},"1359":{"start":{"line":1360,"column":0},"end":{"line":1360,"column":81}},"1360":{"start":{"line":1361,"column":0},"end":{"line":1361,"column":53}},"1361":{"start":{"line":1362,"column":0},"end":{"line":1362,"column":69}},"1362":{"start":{"line":1363,"column":0},"end":{"line":1363,"column":32}},"1363":{"start":{"line":1364,"column":0},"end":{"line":1364,"column":54}},"1364":{"start":{"line":1365,"column":0},"end":{"line":1365,"column":57}},"1365":{"start":{"line":1366,"column":0},"end":{"line":1366,"column":56}},"1366":{"start":{"line":1367,"column":0},"end":{"line":1367,"column":56}},"1367":{"start":{"line":1368,"column":0},"end":{"line":1368,"column":59}},"1368":{"start":{"line":1369,"column":0},"end":{"line":1369,"column":24}},"1369":{"start":{"line":1370,"column":0},"end":{"line":1370,"column":7}},"1370":{"start":{"line":1371,"column":0},"end":{"line":1371,"column":5}},"1371":{"start":{"line":1372,"column":0},"end":{"line":1372,"column":3}},"1372":{"start":{"line":1373,"column":0},"end":{"line":1373,"column":16}},"1373":{"start":{"line":1374,"column":0},"end":{"line":1374,"column":16}},"1374":{"start":{"line":1375,"column":0},"end":{"line":1375,"column":31}},"1375":{"start":{"line":1376,"column":0},"end":{"line":1376,"column":33}},"1376":{"start":{"line":1377,"column":0},"end":{"line":1377,"column":30}},"1377":{"start":{"line":1378,"column":0},"end":{"line":1378,"column":16}},"1378":{"start":{"line":1379,"column":0},"end":{"line":1379,"column":29}},"1379":{"start":{"line":1380,"column":0},"end":{"line":1380,"column":7}},"1380":{"start":{"line":1381,"column":0},"end":{"line":1381,"column":5}},"1381":{"start":{"line":1382,"column":0},"end":{"line":1382,"column":3}},"1382":{"start":{"line":1383,"column":0},"end":{"line":1383,"column":21}},"1383":{"start":{"line":1384,"column":0},"end":{"line":1384,"column":52}},"1384":{"start":{"line":1385,"column":0},"end":{"line":1385,"column":0}},"1385":{"start":{"line":1386,"column":0},"end":{"line":1386,"column":22}},"1386":{"start":{"line":1387,"column":0},"end":{"line":1387,"column":27}},"1387":{"start":{"line":1388,"column":0},"end":{"line":1388,"column":20}},"1388":{"start":{"line":1389,"column":0},"end":{"line":1389,"column":52}},"1389":{"start":{"line":1390,"column":0},"end":{"line":1390,"column":17}},"1390":{"start":{"line":1391,"column":0},"end":{"line":1391,"column":26}},"1391":{"start":{"line":1392,"column":0},"end":{"line":1392,"column":35}},"1392":{"start":{"line":1393,"column":0},"end":{"line":1393,"column":6}},"1393":{"start":{"line":1394,"column":0},"end":{"line":1394,"column":35}},"1394":{"start":{"line":1395,"column":0},"end":{"line":1395,"column":35}},"1395":{"start":{"line":1396,"column":0},"end":{"line":1396,"column":35}},"1396":{"start":{"line":1397,"column":0},"end":{"line":1397,"column":53}},"1397":{"start":{"line":1398,"column":0},"end":{"line":1398,"column":31}},"1398":{"start":{"line":1399,"column":0},"end":{"line":1399,"column":19}},"1399":{"start":{"line":1400,"column":0},"end":{"line":1400,"column":33}},"1400":{"start":{"line":1401,"column":0},"end":{"line":1401,"column":33}},"1401":{"start":{"line":1402,"column":0},"end":{"line":1402,"column":11}},"1402":{"start":{"line":1403,"column":0},"end":{"line":1403,"column":10}},"1403":{"start":{"line":1404,"column":0},"end":{"line":1404,"column":9}},"1404":{"start":{"line":1405,"column":0},"end":{"line":1405,"column":7}},"1405":{"start":{"line":1406,"column":0},"end":{"line":1406,"column":5}},"1406":{"start":{"line":1407,"column":0},"end":{"line":1407,"column":16}},"1407":{"start":{"line":1408,"column":0},"end":{"line":1408,"column":3}},"1408":{"start":{"line":1409,"column":0},"end":{"line":1409,"column":0}},"1409":{"start":{"line":1410,"column":0},"end":{"line":1410,"column":1}},"1410":{"start":{"line":1411,"column":0},"end":{"line":1411,"column":0}},"1411":{"start":{"line":1412,"column":0},"end":{"line":1412,"column":11}},"1412":{"start":{"line":1413,"column":0},"end":{"line":1413,"column":2}},"1413":{"start":{"line":1414,"column":0},"end":{"line":1414,"column":19}},"1414":{"start":{"line":1415,"column":0},"end":{"line":1415,"column":21}},"1415":{"start":{"line":1416,"column":0},"end":{"line":1416,"column":39}},"1416":{"start":{"line":1417,"column":0},"end":{"line":1417,"column":15}},"1417":{"start":{"line":1418,"column":0},"end":{"line":1418,"column":19}},"1418":{"start":{"line":1419,"column":0},"end":{"line":1419,"column":26}},"1419":{"start":{"line":1420,"column":0},"end":{"line":1420,"column":26}},"1420":{"start":{"line":1421,"column":0},"end":{"line":1421,"column":12}},"1421":{"start":{"line":1422,"column":0},"end":{"line":1422,"column":3}},"1422":{"start":{"line":1423,"column":0},"end":{"line":1423,"column":15}},"1423":{"start":{"line":1424,"column":0},"end":{"line":1424,"column":1}},"1424":{"start":{"line":1425,"column":0},"end":{"line":1425,"column":0}},"1425":{"start":{"line":1426,"column":0},"end":{"line":1426,"column":11}},"1426":{"start":{"line":1427,"column":0},"end":{"line":1427,"column":26}}},"s":{"0":1,"1":1,"2":1,"3":1,"4":1,"5":1,"6":1,"7":1,"8":1,"9":1,"10":1,"11":1,"12":1,"13":1,"14":1,"15":1,"16":1,"17":1,"18":1,"19":1,"20":1,"21":1,"22":1,"23":1,"24":1,"25":1,"26":1,"27":1,"28":1,"29":1,"30":1,"31":1,"32":1,"33":1,"34":1,"35":1,"36":1,"37":1,"38":1,"39":1,"40":1,"41":1,"42":1,"43":1,"44":1,"45":1,"46":1,"47":1,"48":1,"49":1,"50":1,"51":1,"52":1,"53":1,"54":1,"55":1,"56":1,"57":1,"58":1,"59":1,"60":1,"61":1,"62":1,"63":1,"64":1,"65":1,"66":1,"67":1,"68":1,"69":1,"70":1,"71":1,"72":1,"73":1,"74":1,"75":1,"76":1,"77":1,"78":1,"79":1,"80":1,"81":1,"82":1,"83":1,"84":1,"85":1,"86":1,"87":1,"88":1,"89":1,"90":1,"91":1,"92":1,"93":1,"94":1,"95":1,"96":1,"97":1,"98":1,"99":1,"100":1,"101":1,"102":1,"103":1,"104":1,"105":1,"106":1,"107":1,"108":1,"109":1,"110":1,"111":1,"112":1,"113":1,"114":1,"115":1,"116":1,"117":1,"118":1,"119":1,"120":1,"121":1,"122":1,"123":1,"124":1,"125":1,"126":1,"127":1,"128":1,"129":1,"130":1,"131":1,"132":1,"133":1,"134":1,"135":1,"136":1,"137":1,"138":1,"139":1,"140":1,"141":1,"142":1,"143":1,"144":1,"145":1,"146":1,"147":1,"148":1,"149":1,"150":1,"151":1,"152":1,"153":1,"154":1,"155":1,"156":1,"157":1,"158":1,"159":1,"160":1,"161":1,"162":1,"163":1,"164":1,"165":1,"166":1,"167":1,"168":1,"169":1,"170":1,"171":1,"172":1,"173":1,"174":1,"175":1,"176":1,"177":1,"178":1,"179":1,"180":1,"181":1,"182":1,"183":1,"184":1,"185":1,"186":1,"187":1,"188":1,"189":1,"190":1,"191":1,"192":1,"193":1,"194":1,"195":1,"196":1,"197":1,"198":1,"199":1,"200":1,"201":1,"202":1,"203":1,"204":1,"205":1,"206":1,"207":1,"208":1,"209":1,"210":1,"211":1,"212":1,"213":1,"214":1,"215":1,"216":1,"217":1,"218":1,"219":1,"220":1,"221":1,"222":1,"223":1,"224":1,"225":1,"226":1,"227":1,"228":1,"229":1,"230":1,"231":1,"232":1,"233":1,"234":1,"235":1,"236":1,"237":1,"238":1,"239":1,"240":1,"241":1,"242":1,"243":1,"244":1,"245":1,"246":1,"247":1,"248":1,"249":1,"250":1,"251":1,"252":1,"253":1,"254":1,"255":1,"256":1,"257":1,"258":1,"259":1,"260":1,"261":1,"262":1,"263":1,"264":1,"265":1,"266":1,"267":1,"268":1,"269":1,"270":1,"271":1,"272":1,"273":1,"274":1,"275":1,"276":1,"277":1,"278":1,"279":1,"280":1,"281":1,"282":1,"283":1,"284":1,"285":1,"286":1,"287":1,"288":1,"289":1,"290":1,"291":1,"292":1,"293":1,"294":1,"295":1,"296":1,"297":1,"298":1,"299":1,"300":1,"301":1,"302":1,"303":1,"304":1,"305":1,"306":1,"307":1,"308":1,"309":1,"310":1,"311":1,"312":1,"313":1,"314":1,"315":1,"316":1,"317":1,"318":1,"319":1,"320":1,"321":1,"322":1,"323":1,"324":1,"325":1,"326":1,"327":1,"328":1,"329":1,"330":1,"331":1,"332":1,"333":1,"334":1,"335":1,"336":1,"337":1,"338":1,"339":1,"340":1,"341":1,"342":1,"343":1,"344":1,"345":1,"346":1,"347":1,"348":1,"349":1,"350":1,"351":1,"352":1,"353":1,"354":1,"355":1,"356":1,"357":1,"358":1,"359":1,"360":1,"361":1,"362":1,"363":1,"364":1,"365":1,"366":1,"367":1,"368":1,"369":1,"370":1,"371":1,"372":1,"373":1,"374":1,"375":1,"376":1,"377":1,"378":1,"379":1,"380":1,"381":1,"382":1,"383":1,"384":1,"385":1,"386":1,"387":1,"388":1,"389":1,"390":1,"391":1,"392":1,"393":1,"394":1,"395":1,"396":1,"397":1,"398":1,"399":1,"400":1,"401":1,"402":1,"403":1,"404":1,"405":1,"406":1,"407":1,"408":1,"409":1,"410":1,"411":1,"412":1,"413":1,"414":1,"415":1,"416":1,"417":1,"418":1,"419":1,"420":1,"421":1,"422":1,"423":1,"424":1,"425":1,"426":1,"427":1,"428":1,"429":1,"430":1,"431":1,"432":1,"433":1,"434":1,"435":1,"436":1,"437":1,"438":1,"439":1,"440":1,"441":1,"442":1,"443":1,"444":1,"445":1,"446":1,"447":1,"448":1,"449":1,"450":1,"451":1,"452":1,"453":1,"454":1,"455":1,"456":1,"457":1,"458":1,"459":1,"460":1,"461":1,"462":1,"463":1,"464":1,"465":1,"466":1,"467":1,"468":1,"469":1,"470":1,"471":1,"472":1,"473":1,"474":1,"475":1,"476":1,"477":1,"478":1,"479":1,"480":1,"481":1,"482":1,"483":1,"484":1,"485":1,"486":1,"487":1,"488":1,"489":1,"490":1,"491":1,"492":1,"493":1,"494":1,"495":1,"496":1,"497":1,"498":1,"499":1,"500":1,"501":1,"502":1,"503":1,"504":1,"505":1,"506":1,"507":1,"508":1,"509":1,"510":1,"511":1,"512":1,"513":1,"514":1,"515":1,"516":1,"517":1,"518":1,"519":1,"520":1,"521":1,"522":1,"523":1,"524":1,"525":1,"526":1,"527":1,"528":1,"529":1,"530":1,"531":1,"532":1,"533":1,"534":1,"535":1,"536":1,"537":1,"538":1,"539":1,"540":1,"541":1,"542":1,"543":1,"544":1,"545":1,"546":1,"547":1,"548":1,"549":1,"550":1,"551":1,"552":1,"553":1,"554":1,"555":1,"556":1,"557":1,"558":1,"559":1,"560":1,"561":1,"562":1,"563":1,"564":1,"565":1,"566":1,"567":1,"568":1,"569":1,"570":1,"571":1,"572":1,"573":1,"574":1,"575":1,"576":1,"577":1,"578":1,"579":1,"580":1,"581":1,"582":1,"583":1,"584":1,"585":1,"586":1,"587":1,"588":1,"589":1,"590":1,"591":1,"592":1,"593":1,"594":1,"595":1,"596":1,"597":1,"598":1,"599":1,"600":1,"601":1,"602":1,"603":1,"604":1,"605":1,"606":1,"607":1,"608":1,"609":1,"610":1,"611":1,"612":1,"613":1,"614":1,"615":1,"616":1,"617":1,"618":1,"619":1,"620":1,"621":1,"622":1,"623":1,"624":1,"625":1,"626":1,"627":1,"628":1,"629":1,"630":1,"631":1,"632":1,"633":1,"634":1,"635":1,"636":1,"637":1,"638":1,"639":1,"640":1,"641":1,"642":1,"643":1,"644":1,"645":1,"646":1,"647":1,"648":1,"649":1,"650":1,"651":1,"652":1,"653":1,"654":1,"655":1,"656":1,"657":1,"658":1,"659":1,"660":1,"661":1,"662":1,"663":1,"664":1,"665":1,"666":1,"667":1,"668":1,"669":1,"670":1,"671":1,"672":1,"673":1,"674":1,"675":1,"676":1,"677":1,"678":1,"679":1,"680":1,"681":1,"682":1,"683":1,"684":1,"685":1,"686":1,"687":1,"688":1,"689":1,"690":1,"691":1,"692":1,"693":1,"694":1,"695":1,"696":1,"697":1,"698":1,"699":1,"700":1,"701":1,"702":1,"703":1,"704":1,"705":1,"706":1,"707":1,"708":1,"709":1,"710":1,"711":1,"712":1,"713":1,"714":1,"715":1,"716":1,"717":1,"718":1,"719":1,"720":1,"721":1,"722":1,"723":1,"724":1,"725":1,"726":1,"727":1,"728":1,"729":1,"730":1,"731":1,"732":1,"733":1,"734":1,"735":1,"736":1,"737":1,"738":1,"739":1,"740":1,"741":1,"742":1,"743":1,"744":1,"745":1,"746":1,"747":1,"748":1,"749":1,"750":1,"751":1,"752":1,"753":1,"754":1,"755":1,"756":1,"757":1,"758":1,"759":1,"760":1,"761":1,"762":1,"763":1,"764":1,"765":1,"766":1,"767":1,"768":1,"769":1,"770":1,"771":1,"772":1,"773":1,"774":1,"775":1,"776":1,"777":1,"778":1,"779":1,"780":1,"781":1,"782":1,"783":1,"784":1,"785":1,"786":1,"787":1,"788":1,"789":1,"790":1,"791":1,"792":1,"793":1,"794":1,"795":1,"796":1,"797":1,"798":1,"799":1,"800":1,"801":1,"802":1,"803":1,"804":1,"805":1,"806":1,"807":1,"808":1,"809":1,"810":1,"811":1,"812":1,"813":1,"814":1,"815":1,"816":1,"817":1,"818":1,"819":1,"820":1,"821":1,"822":1,"823":1,"824":1,"825":1,"826":1,"827":1,"828":1,"829":1,"830":1,"831":1,"832":1,"833":1,"834":1,"835":1,"836":1,"837":1,"838":1,"839":1,"840":1,"841":1,"842":1,"843":1,"844":1,"845":1,"846":1,"847":1,"848":1,"849":1,"850":1,"851":1,"852":1,"853":1,"854":1,"855":1,"856":1,"857":1,"858":1,"859":1,"860":1,"861":1,"862":1,"863":1,"864":1,"865":1,"866":1,"867":1,"868":1,"869":1,"870":1,"871":1,"872":1,"873":1,"874":1,"875":1,"876":1,"877":1,"878":1,"879":1,"880":1,"881":1,"882":1,"883":1,"884":1,"885":1,"886":1,"887":1,"888":1,"889":1,"890":1,"891":1,"892":1,"893":1,"894":1,"895":1,"896":1,"897":1,"898":1,"899":1,"900":1,"901":1,"902":1,"903":1,"904":1,"905":1,"906":1,"907":1,"908":1,"909":1,"910":1,"911":1,"912":1,"913":1,"914":1,"915":1,"916":1,"917":1,"918":1,"919":1,"920":1,"921":1,"922":1,"923":1,"924":1,"925":1,"926":1,"927":1,"928":1,"929":1,"930":1,"931":1,"932":1,"933":1,"934":1,"935":1,"936":1,"937":1,"938":1,"939":1,"940":1,"941":1,"942":1,"943":1,"944":1,"945":1,"946":1,"947":1,"948":1,"949":1,"950":1,"951":1,"952":1,"953":1,"954":1,"955":1,"956":1,"957":1,"958":1,"959":1,"960":1,"961":1,"962":1,"963":1,"964":1,"965":1,"966":1,"967":1,"968":1,"969":1,"970":1,"971":1,"972":1,"973":1,"974":1,"975":1,"976":1,"977":1,"978":1,"979":1,"980":1,"981":1,"982":1,"983":1,"984":1,"985":1,"986":1,"987":1,"988":1,"989":1,"990":1,"991":1,"992":1,"993":1,"994":1,"995":1,"996":1,"997":1,"998":1,"999":1,"1000":1,"1001":1,"1002":1,"1003":1,"1004":1,"1005":1,"1006":1,"1007":1,"1008":1,"1009":1,"1010":1,"1011":1,"1012":1,"1013":1,"1014":1,"1015":1,"1016":1,"1017":1,"1018":1,"1019":1,"1020":1,"1021":1,"1022":1,"1023":1,"1024":1,"1025":1,"1026":1,"1027":1,"1028":1,"1029":1,"1030":1,"1031":1,"1032":1,"1033":1,"1034":1,"1035":1,"1036":1,"1037":1,"1038":1,"1039":1,"1040":1,"1041":1,"1042":1,"1043":1,"1044":1,"1045":1,"1046":1,"1047":1,"1048":1,"1049":1,"1050":1,"1051":1,"1052":1,"1053":1,"1054":1,"1055":1,"1056":1,"1057":1,"1058":1,"1059":1,"1060":1,"1061":1,"1062":1,"1063":1,"1064":1,"1065":1,"1066":1,"1067":1,"1068":1,"1069":1,"1070":1,"1071":1,"1072":1,"1073":1,"1074":1,"1075":1,"1076":1,"1077":1,"1078":1,"1079":1,"1080":1,"1081":1,"1082":1,"1083":1,"1084":1,"1085":1,"1086":1,"1087":1,"1088":1,"1089":1,"1090":1,"1091":1,"1092":1,"1093":1,"1094":1,"1095":1,"1096":1,"1097":1,"1098":1,"1099":1,"1100":1,"1101":1,"1102":1,"1103":1,"1104":1,"1105":1,"1106":1,"1107":1,"1108":1,"1109":1,"1110":1,"1111":1,"1112":1,"1113":1,"1114":1,"1115":1,"1116":1,"1117":1,"1118":1,"1119":1,"1120":1,"1121":1,"1122":1,"1123":1,"1124":1,"1125":1,"1126":1,"1127":1,"1128":1,"1129":1,"1130":1,"1131":1,"1132":1,"1133":1,"1134":1,"1135":1,"1136":1,"1137":1,"1138":1,"1139":1,"1140":1,"1141":1,"1142":1,"1143":1,"1144":1,"1145":1,"1146":1,"1147":1,"1148":1,"1149":1,"1150":1,"1151":1,"1152":1,"1153":1,"1154":1,"1155":1,"1156":1,"1157":1,"1158":1,"1159":1,"1160":1,"1161":1,"1162":1,"1163":1,"1164":1,"1165":1,"1166":1,"1167":1,"1168":1,"1169":1,"1170":1,"1171":1,"1172":1,"1173":1,"1174":1,"1175":1,"1176":1,"1177":1,"1178":1,"1179":1,"1180":1,"1181":1,"1182":1,"1183":1,"1184":1,"1185":1,"1186":1,"1187":1,"1188":1,"1189":1,"1190":1,"1191":1,"1192":1,"1193":1,"1194":1,"1195":1,"1196":1,"1197":1,"1198":1,"1199":1,"1200":1,"1201":1,"1202":1,"1203":1,"1204":1,"1205":1,"1206":1,"1207":1,"1208":1,"1209":1,"1210":1,"1211":1,"1212":1,"1213":1,"1214":1,"1215":1,"1216":1,"1217":1,"1218":1,"1219":1,"1220":1,"1221":1,"1222":1,"1223":1,"1224":1,"1225":1,"1226":1,"1227":1,"1228":1,"1229":1,"1230":1,"1231":1,"1232":1,"1233":1,"1234":1,"1235":1,"1236":1,"1237":1,"1238":1,"1239":1,"1240":1,"1241":1,"1242":1,"1243":1,"1244":1,"1245":1,"1246":1,"1247":1,"1248":1,"1249":1,"1250":1,"1251":1,"1252":1,"1253":1,"1254":1,"1255":1,"1256":1,"1257":1,"1258":1,"1259":1,"1260":1,"1261":1,"1262":1,"1263":1,"1264":1,"1265":1,"1266":1,"1267":1,"1268":1,"1269":1,"1270":1,"1271":1,"1272":1,"1273":1,"1274":1,"1275":1,"1276":1,"1277":1,"1278":1,"1279":1,"1280":1,"1281":1,"1282":1,"1283":1,"1284":1,"1285":1,"1286":1,"1287":1,"1288":1,"1289":1,"1290":1,"1291":1,"1292":1,"1293":1,"1294":1,"1295":1,"1296":1,"1297":1,"1298":1,"1299":1,"1300":1,"1301":1,"1302":1,"1303":1,"1304":1,"1305":1,"1306":1,"1307":1,"1308":1,"1309":1,"1310":1,"1311":1,"1312":1,"1313":1,"1314":1,"1315":1,"1316":1,"1317":1,"1318":1,"1319":1,"1320":1,"1321":1,"1322":1,"1323":1,"1324":1,"1325":1,"1326":1,"1327":1,"1328":1,"1329":1,"1330":1,"1331":1,"1332":1,"1333":1,"1334":1,"1335":1,"1336":1,"1337":1,"1338":1,"1339":1,"1340":1,"1341":1,"1342":1,"1343":1,"1344":1,"1345":1,"1346":1,"1347":1,"1348":1,"1349":1,"1350":1,"1351":1,"1352":1,"1353":1,"1354":1,"1355":1,"1356":1,"1357":1,"1358":1,"1359":1,"1360":1,"1361":1,"1362":1,"1363":1,"1364":1,"1365":1,"1366":1,"1367":1,"1368":1,"1369":1,"1370":1,"1371":1,"1372":1,"1373":1,"1374":1,"1375":1,"1376":1,"1377":1,"1378":1,"1379":1,"1380":1,"1381":1,"1382":1,"1383":1,"1384":1,"1385":1,"1386":1,"1387":1,"1388":1,"1389":1,"1390":1,"1391":1,"1392":1,"1393":1,"1394":1,"1395":1,"1396":1,"1397":1,"1398":1,"1399":1,"1400":1,"1401":1,"1402":1,"1403":1,"1404":1,"1405":1,"1406":1,"1407":1,"1408":1,"1409":1,"1410":1,"1411":1,"1412":1,"1413":1,"1414":2,"1415":2,"1416":2,"1417":2,"1418":22,"1419":22,"1420":22,"1421":22,"1422":2,"1423":2,"1424":1,"1425":1,"1426":1},"branchMap":{"0":{"type":"branch","line":1415,"loc":{"start":{"line":1415,"column":0},"end":{"line":1424,"column":1}},"locations":[{"start":{"line":1415,"column":0},"end":{"line":1424,"column":1}}]},"1":{"type":"branch","line":1418,"loc":{"start":{"line":1418,"column":18},"end":{"line":1422,"column":3}},"locations":[{"start":{"line":1418,"column":18},"end":{"line":1422,"column":3}}]}},"b":{"0":[2],"1":[22]},"fnMap":{"0":{"name":"solution","decl":{"start":{"line":1415,"column":0},"end":{"line":1424,"column":1}},"loc":{"start":{"line":1415,"column":0},"end":{"line":1424,"column":1}},"line":1415}},"f":{"0":2}}
}
